[22:09:33.319] [INFO   ] thread main starting.
[22:09:33.326] [SEVERE ] cannot read configuration file config.properties trying from resources.
[22:09:33.328] [SEVERE ] configuration file was loaded from resources directory.
[22:09:33.859] [INFO   ] thread dealer starting.
[22:09:33.860] [INFO   ] Thread dealer starting.
[22:09:33.973] [SEVERE ] placing card 44 in slot 0
[22:09:34.084] [SEVERE ] placing card 80 in slot 1
[22:09:34.195] [SEVERE ] placing card 25 in slot 2
[22:09:34.306] [SEVERE ] placing card 28 in slot 3
[22:09:34.416] [SEVERE ] placing card 57 in slot 4
[22:09:34.526] [SEVERE ] placing card 59 in slot 5
[22:09:34.638] [SEVERE ] placing card 68 in slot 6
[22:09:34.748] [SEVERE ] placing card 78 in slot 7
[22:09:34.859] [SEVERE ] placing card 14 in slot 8
[22:09:34.968] [SEVERE ] placing card 54 in slot 9
[22:09:35.077] [SEVERE ] placing card 31 in slot 10
[22:09:35.188] [SEVERE ] placing card 51 in slot 11
[22:09:36.617] [SEVERE ] key 81 was pressed by player 1
[22:09:36.617] [SEVERE ] player 1 placing token on slot 0
[22:09:37.894] [SEVERE ] key 73 was pressed by player 2
[22:09:37.894] [SEVERE ] player 2 placing token on slot 1
[22:09:39.592] [SEVERE ] key 85 was pressed by player 2
[22:09:39.592] [SEVERE ] player 2 placing token on slot 0
[22:09:41.122] [SEVERE ] key 68 was pressed by player 1
[22:09:41.122] [SEVERE ] player 1 placing token on slot 6
[22:09:42.326] [SEVERE ] key 67 was pressed by player 1
[22:09:42.326] [SEVERE ] player 1 placing token on slot 10
[22:10:00.366] [SEVERE ] exit button pressed
[22:10:00.367] [SEVERE ] thanks for playing... it was fun!
[22:10:00.367] [INFO   ] thread main terminated.
