[21:06:21.048] [INFO   ] thread main starting.
[21:06:21.056] [SEVERE ] cannot read configuration file config.properties trying from resources.
[21:06:21.058] [SEVERE ] configuration file was loaded from resources directory.
[21:06:21.539] [INFO   ] thread dealer starting.
[21:06:21.541] [INFO   ] Thread dealer starting.
[21:06:21.657] [SEVERE ] placing card 3 in slot 0
[21:06:21.768] [SEVERE ] placing card 0 in slot 1
[21:06:21.877] [SEVERE ] placing card 3 in slot 0
[21:06:21.986] [SEVERE ] placing card 0 in slot 1
[21:06:22.095] [SEVERE ] placing card 3 in slot 0
[21:06:22.206] [SEVERE ] placing card 0 in slot 1
[21:06:22.316] [SEVERE ] placing card 3 in slot 0
[21:06:22.426] [SEVERE ] placing card 0 in slot 1
[21:06:22.536] [SEVERE ] placing card 3 in slot 0
[21:06:22.647] [SEVERE ] placing card 0 in slot 1
[21:06:22.757] [SEVERE ] placing card 3 in slot 0
[21:06:22.865] [SEVERE ] placing card 0 in slot 1
[21:06:22.974] [SEVERE ] placing card 3 in slot 0
[21:06:23.083] [SEVERE ] placing card 0 in slot 1
[21:06:23.192] [SEVERE ] placing card 3 in slot 0
[21:06:23.301] [SEVERE ] placing card 0 in slot 1
[21:06:23.410] [SEVERE ] placing card 3 in slot 0
[21:06:23.519] [SEVERE ] placing card 0 in slot 1
[21:06:23.628] [SEVERE ] placing card 3 in slot 0
[21:06:23.737] [SEVERE ] placing card 0 in slot 1
[21:06:23.847] [SEVERE ] placing card 3 in slot 0
