[21:57:33.116] [INFO   ] thread main starting.
[21:57:33.126] [SEVERE ] cannot read configuration file config.properties trying from resources.
[21:57:33.128] [SEVERE ] configuration file was loaded from resources directory.
[21:57:33.735] [INFO   ] thread dealer starting.
[21:57:33.736] [INFO   ] Thread dealer starting.
[21:57:33.844] [SEVERE ] placing card 40 in slot 0
[21:57:33.952] [SEVERE ] placing card 60 in slot 1
[21:57:34.063] [SEVERE ] placing card 77 in slot 2
[21:57:34.172] [SEVERE ] placing card 73 in slot 3
[21:57:34.280] [SEVERE ] placing card 67 in slot 4
[21:57:34.389] [SEVERE ] placing card 19 in slot 5
[21:57:34.499] [SEVERE ] placing card 49 in slot 6
[21:57:34.610] [SEVERE ] placing card 34 in slot 7
[21:57:34.720] [SEVERE ] placing card 29 in slot 8
[21:57:34.832] [SEVERE ] placing card 53 in slot 9
[21:57:34.944] [SEVERE ] placing card 63 in slot 10
[21:57:35.053] [SEVERE ] placing card 59 in slot 11
[21:57:35.586] [SEVERE ] key 81 was pressed by player 1
[21:57:36.817] [SEVERE ] key 81 was pressed by player 1
[21:57:37.267] [SEVERE ] key 87 was pressed by player 1
