[21:58:52.540] [INFO   ] thread main starting.
[21:58:52.548] [SEVERE ] cannot read configuration file config.properties trying from resources.
[21:58:52.550] [SEVERE ] configuration file was loaded from resources directory.
[21:58:53.113] [INFO   ] thread dealer starting.
[21:58:53.114] [INFO   ] Thread dealer starting.
[21:58:53.220] [SEVERE ] placing card 10 in slot 0
[21:58:53.329] [SEVERE ] placing card 75 in slot 1
[21:58:53.438] [SEVERE ] placing card 62 in slot 2
[21:58:53.549] [SEVERE ] placing card 50 in slot 3
[21:58:53.658] [SEVERE ] placing card 0 in slot 4
[21:58:53.766] [SEVERE ] placing card 70 in slot 5
[21:58:53.878] [SEVERE ] placing card 57 in slot 6
[21:58:53.986] [SEVERE ] placing card 9 in slot 7
[21:58:54.096] [SEVERE ] placing card 61 in slot 8
[21:58:54.147] [SEVERE ] key 81 was pressed by player 1
[21:58:54.147] [SEVERE ] player 1 placing token on slot 0
[21:58:54.204] [SEVERE ] placing card 45 in slot 9
[21:58:54.315] [SEVERE ] placing card 71 in slot 10
[21:58:54.424] [SEVERE ] placing card 17 in slot 11
[21:58:54.759] [SEVERE ] key 87 was pressed by player 1
[21:58:54.760] [SEVERE ] player 1 placing token on slot 1
[21:58:56.379] [SEVERE ] key 73 was pressed by player 2
[21:58:56.379] [SEVERE ] player 2 placing token on slot 1
[21:58:57.054] [SEVERE ] key 79 was pressed by player 2
[21:58:57.054] [SEVERE ] player 2 placing token on slot 2
[21:58:57.718] [SEVERE ] key 87 was pressed by player 1
[21:58:57.718] [SEVERE ] player 1 placing token on slot 1
[21:58:58.156] [SEVERE ] key 79 was pressed by player 2
[21:58:58.157] [SEVERE ] player 2 placing token on slot 2
[21:58:58.551] [SEVERE ] key 73 was pressed by player 2
[21:58:58.551] [SEVERE ] player 2 placing token on slot 1
