[21:59:12.615] [INFO   ] thread main starting.
[21:59:12.622] [SEVERE ] cannot read configuration file config.properties trying from resources.
[21:59:12.625] [SEVERE ] configuration file was loaded from resources directory.
[21:59:13.257] [INFO   ] thread dealer starting.
[21:59:13.258] [INFO   ] Thread dealer starting.
[21:59:13.368] [SEVERE ] placing card 80 in slot 0
[21:59:13.478] [SEVERE ] placing card 79 in slot 1
[21:59:13.589] [SEVERE ] placing card 42 in slot 2
[21:59:13.699] [SEVERE ] placing card 68 in slot 3
[21:59:13.809] [SEVERE ] placing card 15 in slot 4
[21:59:13.918] [SEVERE ] placing card 56 in slot 5
[21:59:14.027] [SEVERE ] placing card 13 in slot 6
[21:59:14.136] [SEVERE ] placing card 28 in slot 7
[21:59:14.247] [SEVERE ] placing card 38 in slot 8
[21:59:14.355] [SEVERE ] placing card 54 in slot 9
[21:59:14.465] [SEVERE ] placing card 17 in slot 10
[21:59:14.573] [SEVERE ] placing card 53 in slot 11
[21:59:18.088] [SEVERE ] key 80 was pressed by player 2
[21:59:18.088] [SEVERE ] player 2 placing token on slot 3
[21:59:20.630] [SEVERE ] key 81 was pressed by player 1
[21:59:20.630] [SEVERE ] player 1 placing token on slot 0
[21:59:20.631] [SEVERE ] key 85 was pressed by player 2
[21:59:20.631] [SEVERE ] player 2 placing token on slot 0
[21:59:21.839] [SEVERE ] key 87 was pressed by player 1
[21:59:21.840] [SEVERE ] player 1 placing token on slot 1
[21:59:21.840] [SEVERE ] key 73 was pressed by player 2
[21:59:21.840] [SEVERE ] player 2 placing token on slot 1
[21:59:24.849] [SEVERE ] key 81 was pressed by player 1
[21:59:24.850] [SEVERE ] player 1 placing token on slot 0
[21:59:24.850] [SEVERE ] key 85 was pressed by player 2
[21:59:24.850] [SEVERE ] player 2 placing token on slot 0
[21:59:25.247] [SEVERE ] key 87 was pressed by player 1
[21:59:25.247] [SEVERE ] player 1 placing token on slot 1
[21:59:25.248] [SEVERE ] key 73 was pressed by player 2
[21:59:25.248] [SEVERE ] player 2 placing token on slot 1
[21:59:25.665] [SEVERE ] key 69 was pressed by player 1
[21:59:25.665] [SEVERE ] player 1 placing token on slot 2
[21:59:25.665] [SEVERE ] key 79 was pressed by player 2
[21:59:25.666] [SEVERE ] player 2 placing token on slot 2
[21:59:26.519] [SEVERE ] key 69 was pressed by player 1
[21:59:26.520] [SEVERE ] player 1 placing token on slot 2
[21:59:26.521] [SEVERE ] key 79 was pressed by player 2
[21:59:26.521] [SEVERE ] player 2 placing token on slot 2
