[21:05:46.187] [INFO   ] thread main starting.
[21:05:46.191] [SEVERE ] cannot read configuration file config.properties trying from resources.
[21:05:46.193] [SEVERE ] configuration file was loaded from resources directory.
[21:05:46.760] [INFO   ] thread dealer starting.
[21:05:46.761] [INFO   ] Thread dealer starting.
[21:05:46.879] [SEVERE ] placing card 3 in slot 0
[21:05:46.989] [SEVERE ] placing card 3 in slot 0
[21:05:47.098] [SEVERE ] placing card 3 in slot 0
[21:05:47.209] [SEVERE ] placing card 3 in slot 0
[21:05:47.316] [SEVERE ] placing card 3 in slot 0
[21:05:47.425] [SEVERE ] placing card 3 in slot 0
[21:05:47.536] [SEVERE ] placing card 3 in slot 0
[21:05:47.645] [SEVERE ] placing card 3 in slot 0
[21:05:47.754] [SEVERE ] placing card 3 in slot 0
[21:05:47.863] [SEVERE ] placing card 3 in slot 0
[21:05:47.973] [SEVERE ] placing card 3 in slot 0
[21:05:48.082] [SEVERE ] placing card 3 in slot 0
[21:05:48.190] [SEVERE ] placing card 3 in slot 0
[21:05:48.300] [SEVERE ] placing card 3 in slot 0
[21:05:48.408] [SEVERE ] placing card 3 in slot 0
[21:05:48.515] [SEVERE ] placing card 3 in slot 0
[21:05:48.623] [SEVERE ] placing card 3 in slot 0
[21:05:48.732] [SEVERE ] placing card 3 in slot 0
[21:05:48.843] [SEVERE ] placing card 3 in slot 0
[21:05:48.952] [SEVERE ] placing card 3 in slot 0
[21:05:49.060] [SEVERE ] placing card 3 in slot 0
[21:05:49.170] [SEVERE ] placing card 3 in slot 0
[21:05:49.278] [SEVERE ] placing card 3 in slot 0
[21:05:49.389] [SEVERE ] placing card 3 in slot 0
[21:05:49.496] [SEVERE ] placing card 3 in slot 0
[21:05:49.608] [SEVERE ] placing card 3 in slot 0
[21:05:49.718] [SEVERE ] placing card 3 in slot 0
[21:05:49.827] [SEVERE ] placing card 3 in slot 0
