[12:37:53.338] [INFO   ] thread main starting.
[12:37:53.346] [SEVERE ] cannot read configuration file config.properties trying from resources.
[12:37:53.348] [SEVERE ] configuration file was loaded from resources directory.
[12:37:53.764] [INFO   ] thread dealer starting.
[12:37:53.765] [INFO   ] Thread dealer starting.
[12:37:53.765] [INFO   ] Thread Thread-0 starting.
[12:37:53.765] [INFO   ] Thread Thread-1 starting.
[12:37:53.873] [SEVERE ] placing card 35 in slot 0
[12:37:53.985] [SEVERE ] placing card 16 in slot 1
[12:37:54.096] [SEVERE ] placing card 78 in slot 2
[12:37:54.207] [SEVERE ] placing card 17 in slot 3
[12:37:54.318] [SEVERE ] placing card 60 in slot 4
[12:37:54.430] [SEVERE ] placing card 49 in slot 5
[12:37:54.541] [SEVERE ] placing card 12 in slot 6
[12:37:54.653] [SEVERE ] placing card 39 in slot 7
[12:37:54.763] [SEVERE ] placing card 4 in slot 8
[12:37:54.873] [SEVERE ] placing card 46 in slot 9
[12:37:54.984] [SEVERE ] placing card 72 in slot 10
[12:37:55.095] [SEVERE ] placing card 20 in slot 11
[12:38:17.003] [SEVERE ] key 86 was pressed by player 1
[12:38:17.003] [SEVERE ] player 1 placing token on slot 11
[12:38:18.582] [SEVERE ] key 83 was pressed by player 1
[12:38:18.583] [SEVERE ] player 1 placing token on slot 5
[12:38:22.972] [SEVERE ] key 69 was pressed by player 1
[12:38:22.972] [SEVERE ] player 1 placing token on slot 2
[12:38:22.973] [SEVERE ] setting player 1 freeze to 1000
[12:38:23.081] [SEVERE ] removing card from slot 2
[12:38:23.081] [SEVERE ] removing player 1 token from slot 2
[12:38:23.303] [SEVERE ] removing card from slot 5
[12:38:23.303] [SEVERE ] removing player 1 token from slot 5
[12:38:23.526] [SEVERE ] removing card from slot 11
[12:38:23.526] [SEVERE ] removing player 1 token from slot 11
[12:38:23.980] [SEVERE ] setting player 1 freeze to 0
[12:38:23.980] [SEVERE ] setting player 1 score to 1
[12:38:32.478] [SEVERE ] exit button pressed
[12:38:32.478] [SEVERE ] thanks for playing... it was fun!
[12:38:32.478] [INFO   ] thread main terminated.
