[18:02:14.021] [INFO   ] thread main starting.
[18:02:14.029] [SEVERE ] cannot read configuration file config.properties trying from resources.
[18:02:14.032] [SEVERE ] configuration file was loaded from resources directory.
[18:02:14.536] [INFO   ] thread dealer starting.
[18:02:14.538] [INFO   ] Thread dealer starting.
[18:02:14.648] [SEVERE ] placing card 9 in slot 0
[18:02:14.758] [SEVERE ] placing card 4 in slot 1
[18:02:14.868] [SEVERE ] placing card 33 in slot 2
[18:02:14.979] [SEVERE ] placing card 70 in slot 3
[18:02:15.089] [SEVERE ] placing card 39 in slot 4
[18:02:15.199] [SEVERE ] placing card 8 in slot 5
[18:02:15.308] [SEVERE ] placing card 1 in slot 6
[18:02:15.418] [SEVERE ] placing card 22 in slot 7
[18:02:15.529] [SEVERE ] placing card 50 in slot 8
[18:02:15.639] [SEVERE ] placing card 29 in slot 9
[18:02:15.749] [SEVERE ] placing card 53 in slot 10
[18:02:15.859] [SEVERE ] placing card 3 in slot 11
[18:02:16.207] [SEVERE ] key 81 was pressed by player 1
[18:02:16.207] [SEVERE ] player 1 placing token on slot 0
[18:02:16.554] [SEVERE ] key 87 was pressed by player 1
[18:02:16.554] [SEVERE ] player 1 placing token on slot 1
[18:02:18.129] [SEVERE ] key 85 was pressed by player 2
[18:02:18.129] [SEVERE ] player 2 placing token on slot 0
[18:02:25.521] [SEVERE ] key 85 was pressed by player 2
[18:02:25.521] [SEVERE ] player 2 placing token on slot 0
[18:02:25.700] [SEVERE ] key 85 was pressed by player 2
[18:02:25.701] [SEVERE ] player 2 placing token on slot 0
[18:02:28.947] [SEVERE ] key 73 was pressed by player 2
[18:02:28.947] [SEVERE ] player 2 placing token on slot 1
[18:02:29.042] [SEVERE ] key 73 was pressed by player 2
[18:02:29.042] [SEVERE ] player 2 placing token on slot 1
[18:02:29.278] [SEVERE ] key 73 was pressed by player 2
[18:02:29.279] [SEVERE ] player 2 placing token on slot 1
[18:02:29.503] [SEVERE ] key 73 was pressed by player 2
[18:02:29.503] [SEVERE ] player 2 placing token on slot 1
