[20:15:59.289] [INFO   ] thread main starting.
[20:15:59.296] [SEVERE ] cannot read configuration file config.properties trying from resources.
[20:15:59.298] [SEVERE ] configuration file was loaded from resources directory.
[20:15:59.789] [INFO   ] thread dealer starting.
[20:15:59.790] [INFO   ] Thread dealer starting.
[20:15:59.910] [SEVERE ] placing card 21 in slot 0
[20:16:00.019] [SEVERE ] placing card 56 in slot 1
[20:16:00.131] [SEVERE ] placing card 25 in slot 2
[20:16:00.242] [SEVERE ] placing card 72 in slot 3
[20:16:00.353] [SEVERE ] placing card 11 in slot 4
[20:16:00.465] [SEVERE ] placing card 43 in slot 5
[20:16:00.575] [SEVERE ] placing card 66 in slot 6
[20:16:00.684] [SEVERE ] placing card 19 in slot 7
[20:16:00.794] [SEVERE ] placing card 22 in slot 8
[20:16:00.903] [SEVERE ] placing card 77 in slot 9
[20:16:01.012] [SEVERE ] placing card 24 in slot 10
[20:16:01.121] [SEVERE ] placing card 67 in slot 11
[20:16:03.515] [SEVERE ] key 81 was pressed by player 1
[20:16:05.128] [SEVERE ] key 69 was pressed by player 1
[20:16:05.622] [SEVERE ] key 87 was pressed by player 1
[20:16:06.039] [SEVERE ] key 69 was pressed by player 1
[20:16:06.365] [SEVERE ] key 82 was pressed by player 1
[20:16:06.646] [SEVERE ] key 69 was pressed by player 1
[20:16:06.927] [SEVERE ] key 87 was pressed by player 1
[20:16:08.120] [SEVERE ] key 69 was pressed by player 1
[20:16:08.367] [SEVERE ] key 87 was pressed by player 1
[20:16:08.659] [SEVERE ] key 81 was pressed by player 1
[20:16:09.121] [SEVERE ] key 87 was pressed by player 1
[20:16:09.380] [SEVERE ] key 69 was pressed by player 1
[20:16:09.650] [SEVERE ] key 82 was pressed by player 1
