[12:12:31.438] [INFO   ] thread main starting.
[12:12:31.443] [SEVERE ] cannot read configuration file config.properties trying from resources.
[12:12:31.445] [SEVERE ] configuration file was loaded from resources directory.
[12:12:31.881] [INFO   ] thread dealer starting.
[12:12:31.881] [INFO   ] Thread dealer starting.
[12:12:31.882] [INFO   ] Thread Thread-0 starting.
[12:12:31.882] [INFO   ] Thread Thread-1 starting.
[12:12:31.992] [SEVERE ] placing card 21 in slot 0
[12:12:32.101] [SEVERE ] placing card 40 in slot 1
[12:12:32.210] [SEVERE ] placing card 65 in slot 2
[12:12:32.322] [SEVERE ] placing card 9 in slot 3
[12:12:32.430] [SEVERE ] placing card 55 in slot 4
[12:12:32.540] [SEVERE ] placing card 37 in slot 5
[12:12:32.648] [SEVERE ] placing card 49 in slot 6
[12:12:32.760] [SEVERE ] placing card 71 in slot 7
[12:12:32.869] [SEVERE ] placing card 15 in slot 8
[12:12:32.979] [SEVERE ] placing card 22 in slot 9
[12:12:33.088] [SEVERE ] placing card 31 in slot 10
[12:12:33.198] [SEVERE ] placing card 19 in slot 11
[12:12:34.112] [SEVERE ] key 79 was pressed by player 2
[12:12:34.112] [SEVERE ] player 2 placing token on slot 2
[12:12:34.499] [SEVERE ] key 79 was pressed by player 2
[12:12:34.499] [SEVERE ] removing player 2 token from slot 2
[12:12:34.846] [SEVERE ] key 73 was pressed by player 2
[12:12:34.846] [SEVERE ] player 2 placing token on slot 1
[12:12:35.017] [SEVERE ] key 73 was pressed by player 2
[12:12:35.017] [SEVERE ] removing player 2 token from slot 1
[12:12:35.570] [SEVERE ] key 69 was pressed by player 1
[12:12:35.571] [SEVERE ] player 1 placing token on slot 2
[12:12:35.676] [SEVERE ] key 82 was pressed by player 1
[12:12:35.676] [SEVERE ] player 1 placing token on slot 3
[12:12:40.232] [SEVERE ] key 68 was pressed by player 1
[12:12:40.232] [SEVERE ] player 1 placing token on slot 6
[12:12:40.233] [SEVERE ] setting player 1 freeze to 3000
[12:12:40.233] [SEVERE ] removing player 1 token from slot 2
[12:12:40.451] [SEVERE ] removing player 1 token from slot 3
[12:12:40.674] [SEVERE ] removing player 1 token from slot 6
[12:12:41.243] [SEVERE ] setting player 1 freeze to 2000
[12:12:42.258] [SEVERE ] setting player 1 freeze to 1000
[12:12:43.270] [SEVERE ] setting player 1 freeze to 0
[12:12:43.829] [SEVERE ] key 81 was pressed by player 1
[12:12:44.231] [SEVERE ] key 81 was pressed by player 1
[12:12:44.571] [SEVERE ] key 80 was pressed by player 2
[12:12:44.571] [SEVERE ] player 2 placing token on slot 3
[12:12:44.704] [SEVERE ] key 79 was pressed by player 2
[12:12:44.705] [SEVERE ] player 2 placing token on slot 2
[12:12:45.359] [SEVERE ] key 80 was pressed by player 2
[12:12:45.359] [SEVERE ] removing player 2 token from slot 3
[12:12:45.827] [SEVERE ] key 79 was pressed by player 2
[12:12:45.827] [SEVERE ] removing player 2 token from slot 2
[12:12:46.304] [SEVERE ] key 81 was pressed by player 1
[12:12:46.566] [SEVERE ] key 81 was pressed by player 1
[12:12:46.840] [SEVERE ] key 81 was pressed by player 1
[12:12:47.070] [SEVERE ] key 80 was pressed by player 2
[12:12:47.071] [SEVERE ] player 2 placing token on slot 3
[12:12:47.301] [SEVERE ] key 79 was pressed by player 2
[12:12:47.302] [SEVERE ] player 2 placing token on slot 2
[12:12:47.690] [SEVERE ] key 76 was pressed by player 2
[12:12:47.691] [SEVERE ] player 2 placing token on slot 6
[12:12:47.691] [SEVERE ] setting player 2 freeze to 3000
[12:12:47.803] [SEVERE ] removing player 2 token from slot 2
[12:12:48.024] [SEVERE ] removing player 2 token from slot 3
[12:12:48.247] [SEVERE ] removing player 2 token from slot 6
[12:12:48.705] [SEVERE ] setting player 2 freeze to 2000
[12:12:49.715] [SEVERE ] setting player 2 freeze to 1000
[12:12:50.726] [SEVERE ] setting player 2 freeze to 0
[12:12:51.484] [SEVERE ] key 80 was pressed by player 2
[12:12:51.687] [SEVERE ] key 79 was pressed by player 2
[12:12:51.942] [SEVERE ] key 76 was pressed by player 2
[12:12:52.073] [SEVERE ] key 59 was pressed by player 2
[12:12:54.135] [SEVERE ] exit button pressed
[12:12:54.135] [SEVERE ] thanks for playing... it was fun!
[12:12:54.135] [INFO   ] thread main terminated.
