[20:32:07.796] [INFO   ] thread main starting.
[20:32:07.802] [SEVERE ] cannot read configuration file config.properties trying from resources.
[20:32:07.804] [SEVERE ] configuration file was loaded from resources directory.
[20:32:08.343] [INFO   ] thread dealer starting.
[20:32:08.344] [INFO   ] Thread dealer starting.
[20:32:08.459] [SEVERE ] placing card 72 in slot 0
[20:32:08.571] [SEVERE ] placing card 23 in slot 1
[20:32:08.680] [SEVERE ] placing card 69 in slot 2
[20:32:08.788] [SEVERE ] placing card 68 in slot 3
[20:32:08.897] [SEVERE ] placing card 46 in slot 4
[20:32:09.007] [SEVERE ] placing card 14 in slot 5
[20:32:09.119] [SEVERE ] placing card 4 in slot 6
[20:32:09.228] [SEVERE ] placing card 76 in slot 7
[20:32:09.337] [SEVERE ] placing card 40 in slot 8
[20:32:09.446] [SEVERE ] placing card 20 in slot 9
[20:32:09.554] [SEVERE ] placing card 3 in slot 10
[20:32:09.663] [SEVERE ] placing card 35 in slot 11
[20:32:09.663] [INFO   ] Thread dealer starting.
[20:32:09.679] [SEVERE ] key 87 was pressed by player 1
[20:32:09.680] [SEVERE ] player 1 placing token on slot 1
[20:32:10.663] [SEVERE ] key 79 was pressed by player 2
[20:32:10.999] [SEVERE ] key 79 was pressed by player 2
[20:32:11.180] [SEVERE ] key 79 was pressed by player 2
[20:32:11.326] [SEVERE ] key 79 was pressed by player 2
[20:32:11.608] [SEVERE ] key 79 was pressed by player 2
[20:32:11.765] [SEVERE ] key 79 was pressed by player 2
