[12:11:14.099] [INFO   ] thread main starting.
[12:11:14.105] [SEVERE ] cannot read configuration file config.properties trying from resources.
[12:11:14.107] [SEVERE ] configuration file was loaded from resources directory.
[12:11:14.500] [INFO   ] thread dealer starting.
[12:11:14.500] [INFO   ] Thread dealer starting.
[12:11:14.501] [INFO   ] Thread Thread-0 starting.
[12:11:14.609] [SEVERE ] placing card 35 in slot 0
[12:11:14.721] [SEVERE ] placing card 56 in slot 1
[12:11:14.832] [SEVERE ] placing card 72 in slot 2
[12:11:14.943] [SEVERE ] placing card 65 in slot 3
[12:11:15.054] [SEVERE ] placing card 54 in slot 4
[12:11:15.166] [SEVERE ] placing card 59 in slot 5
[12:11:15.277] [SEVERE ] placing card 29 in slot 6
[12:11:15.389] [SEVERE ] placing card 60 in slot 7
[12:11:15.498] [SEVERE ] placing card 25 in slot 8
[12:11:15.610] [SEVERE ] placing card 38 in slot 9
[12:11:15.721] [SEVERE ] placing card 61 in slot 10
[12:11:15.832] [SEVERE ] placing card 76 in slot 11
[12:11:16.819] [SEVERE ] key 79 was pressed by player 2
[12:11:17.160] [SEVERE ] key 79 was pressed by player 2
[12:11:17.362] [SEVERE ] key 79 was pressed by player 2
[12:11:17.498] [SEVERE ] key 73 was pressed by player 2
[12:11:17.730] [SEVERE ] key 79 was pressed by player 2
[12:11:17.946] [SEVERE ] key 79 was pressed by player 2
[12:11:18.066] [SEVERE ] key 79 was pressed by player 2
[12:11:19.651] [SEVERE ] exit button pressed
[12:11:19.651] [SEVERE ] thanks for playing... it was fun!
[12:11:19.652] [INFO   ] thread main terminated.
