[19:50:48.798] [INFO   ] thread main starting.
[19:50:48.806] [SEVERE ] cannot read configuration file config.properties trying from resources.
[19:50:48.809] [SEVERE ] configuration file was loaded from resources directory.
[19:50:49.444] [INFO   ] thread dealer starting.
[19:50:49.445] [INFO   ] Thread dealer starting.
[19:50:49.560] [SEVERE ] placing card 79 in slot 0
[19:50:49.671] [SEVERE ] placing card 65 in slot 1
[19:50:49.778] [SEVERE ] placing card 9 in slot 2
[19:50:49.887] [SEVERE ] placing card 42 in slot 3
[19:50:49.995] [SEVERE ] placing card 56 in slot 4
[19:50:50.107] [SEVERE ] placing card 27 in slot 5
[19:50:50.215] [SEVERE ] placing card 71 in slot 6
[19:50:50.325] [SEVERE ] placing card 60 in slot 7
[19:50:50.432] [SEVERE ] placing card 78 in slot 8
[19:50:50.542] [SEVERE ] placing card 41 in slot 9
[19:50:50.649] [SEVERE ] placing card 29 in slot 10
[19:50:50.757] [SEVERE ] placing card 64 in slot 11
[19:51:16.584] [SEVERE ] key 81 was pressed by player 1
[19:51:16.584] [SEVERE ] player 1 placing token on slot 0
[19:51:18.229] [SEVERE ] key 68 was pressed by player 1
[19:51:18.230] [SEVERE ] player 1 placing token on slot 6
[19:51:19.152] [SEVERE ] key 70 was pressed by player 1
[19:51:19.152] [SEVERE ] player 1 placing token on slot 7
