[10:19:59.292] [INFO   ] thread main starting.
[10:19:59.298] [SEVERE ] cannot read configuration file config.properties trying from resources.
[10:19:59.300] [SEVERE ] configuration file was loaded from resources directory.
[10:19:59.688] [INFO   ] thread dealer starting.
[10:19:59.689] [INFO   ] Thread dealer starting.
[10:19:59.689] [INFO   ] Thread Thread-0 starting.
[10:19:59.798] [SEVERE ] placing card 10 in slot 0
[10:19:59.909] [SEVERE ] placing card 44 in slot 1
[10:20:00.019] [SEVERE ] placing card 8 in slot 2
[10:20:00.128] [SEVERE ] placing card 70 in slot 3
[10:20:00.238] [SEVERE ] placing card 9 in slot 4
[10:20:00.348] [SEVERE ] placing card 27 in slot 5
[10:20:00.459] [SEVERE ] placing card 56 in slot 6
[10:20:00.568] [SEVERE ] placing card 33 in slot 7
[10:20:00.678] [SEVERE ] placing card 66 in slot 8
[10:20:00.789] [SEVERE ] placing card 34 in slot 9
[10:20:00.901] [SEVERE ] placing card 31 in slot 10
[10:20:01.012] [SEVERE ] placing card 71 in slot 11
[10:20:26.316] [SEVERE ] exit button pressed
[10:20:26.316] [SEVERE ] thanks for playing... it was fun!
[10:20:26.317] [INFO   ] thread main terminated.
