[10:20:29.290] [INFO   ] thread main starting.
[10:20:29.296] [SEVERE ] cannot read configuration file config.properties trying from resources.
[10:20:29.298] [SEVERE ] configuration file was loaded from resources directory.
[10:20:29.703] [INFO   ] thread dealer starting.
[10:20:29.703] [INFO   ] Thread dealer starting.
[10:20:29.704] [INFO   ] Thread Thread-0 starting.
[10:20:29.816] [SEVERE ] placing card 68 in slot 0
[10:20:29.927] [SEVERE ] placing card 72 in slot 1
[10:20:30.035] [SEVERE ] placing card 79 in slot 2
[10:20:30.147] [SEVERE ] placing card 15 in slot 3
[10:20:30.258] [SEVERE ] placing card 14 in slot 4
[10:20:30.367] [SEVERE ] placing card 36 in slot 5
[10:20:30.478] [SEVERE ] placing card 58 in slot 6
[10:20:30.588] [SEVERE ] placing card 20 in slot 7
[10:20:30.699] [SEVERE ] placing card 13 in slot 8
[10:20:30.810] [SEVERE ] placing card 56 in slot 9
[10:20:30.918] [SEVERE ] placing card 29 in slot 10
[10:20:31.027] [SEVERE ] placing card 5 in slot 11
[10:21:02.898] [SEVERE ] exit button pressed
[10:21:02.898] [SEVERE ] thanks for playing... it was fun!
[10:21:02.898] [INFO   ] thread main terminated.
