[20:34:26.271] [INFO   ] thread main starting.
[20:34:26.277] [SEVERE ] cannot read configuration file config.properties trying from resources.
[20:34:26.279] [SEVERE ] configuration file was loaded from resources directory.
[20:34:26.838] [INFO   ] thread dealer starting.
[20:34:26.838] [INFO   ] Thread dealer starting.
[20:34:26.950] [SEVERE ] placing card 53 in slot 0
[20:34:27.058] [SEVERE ] placing card 34 in slot 1
[20:34:27.167] [SEVERE ] placing card 0 in slot 2
[20:34:27.277] [SEVERE ] placing card 47 in slot 3
[20:34:27.385] [SEVERE ] placing card 11 in slot 4
[20:34:27.494] [SEVERE ] placing card 32 in slot 5
[20:34:27.605] [SEVERE ] placing card 77 in slot 6
[20:34:27.715] [SEVERE ] placing card 21 in slot 7
[20:34:27.823] [SEVERE ] placing card 15 in slot 8
[20:34:27.931] [SEVERE ] placing card 28 in slot 9
[20:34:28.039] [SEVERE ] placing card 69 in slot 10
[20:34:28.148] [SEVERE ] placing card 65 in slot 11
[20:34:28.148] [INFO   ] Thread dealer starting.
[20:34:28.857] [SEVERE ] key 87 was pressed by player 1
[20:34:28.857] [SEVERE ] player 1 placing token on slot 1
[20:34:28.859] [INFO   ] thread dealer terminated.
[20:34:33.862] [SEVERE ] disposing of user interface elements
[20:34:33.874] [SEVERE ] thanks for playing... it was fun!
[20:34:33.875] [INFO   ] thread main terminated.
