[10:17:42.555] [INFO   ] thread main starting.
[10:17:42.562] [SEVERE ] cannot read configuration file config.properties trying from resources.
[10:17:42.563] [SEVERE ] configuration file was loaded from resources directory.
[10:17:42.965] [INFO   ] thread dealer starting.
[10:17:42.965] [INFO   ] Thread dealer starting.
[10:17:42.966] [INFO   ] Thread Thread-0 starting.
[10:17:43.080] [SEVERE ] placing card 43 in slot 0
[10:17:43.191] [SEVERE ] placing card 67 in slot 1
[10:17:43.301] [SEVERE ] placing card 79 in slot 2
[10:17:43.412] [SEVERE ] placing card 64 in slot 3
[10:17:43.523] [SEVERE ] placing card 55 in slot 4
[10:17:43.633] [SEVERE ] placing card 26 in slot 5
[10:17:43.744] [SEVERE ] placing card 57 in slot 6
[10:17:43.855] [SEVERE ] placing card 60 in slot 7
[10:17:43.966] [SEVERE ] placing card 2 in slot 8
[10:17:44.077] [SEVERE ] placing card 30 in slot 9
[10:17:44.189] [SEVERE ] placing card 50 in slot 10
[10:17:44.299] [SEVERE ] placing card 14 in slot 11
[10:18:16.632] [SEVERE ] key 90 was pressed by player 1
[10:18:16.632] [SEVERE ] player 1 placing token on slot 8
[10:18:17.737] [SEVERE ] key 81 was pressed by player 1
[10:18:17.737] [SEVERE ] player 1 placing token on slot 0
[10:18:18.281] [SEVERE ] key 70 was pressed by player 1
[10:18:18.281] [SEVERE ] player 1 placing token on slot 7
[10:18:18.282] [SEVERE ] setting player 1 freeze to 3000
[10:18:18.282] [SEVERE ] removing player 1 token from slot 0
[10:18:18.494] [SEVERE ] removing player 1 token from slot 7
[10:18:18.714] [SEVERE ] removing player 1 token from slot 8
[10:18:19.297] [SEVERE ] setting player 1 freeze to 2000
[10:18:20.306] [SEVERE ] setting player 1 freeze to 1000
[10:18:20.341] [SEVERE ] key 90 was pressed by player 1
[10:18:21.317] [SEVERE ] setting player 1 freeze to 0
[10:18:21.670] [SEVERE ] key 90 was pressed by player 1
[10:18:22.221] [SEVERE ] key 90 was pressed by player 1
[10:18:22.519] [SEVERE ] key 90 was pressed by player 1
[10:18:22.735] [SEVERE ] key 90 was pressed by player 1
[10:18:22.931] [SEVERE ] key 90 was pressed by player 1
[10:18:23.235] [SEVERE ] key 81 was pressed by player 1
[10:18:23.387] [SEVERE ] key 87 was pressed by player 1
[10:18:23.647] [SEVERE ] key 69 was pressed by player 1
[10:18:23.795] [SEVERE ] key 69 was pressed by player 1
[10:18:24.432] [SEVERE ] key 79 was pressed by player 2
[10:18:24.442] [SEVERE ] key 73 was pressed by player 2
[10:18:28.653] [SEVERE ] exit button pressed
[10:18:28.653] [SEVERE ] thanks for playing... it was fun!
[10:18:28.653] [INFO   ] thread main terminated.
