[20:49:54.443] [INFO   ] thread main starting.
[20:49:54.453] [SEVERE ] cannot read configuration file config.properties trying from resources.
[20:49:54.455] [SEVERE ] configuration file was loaded from resources directory.
[20:49:54.947] [INFO   ] thread dealer starting.
[20:49:54.954] [INFO   ] Thread dealer starting.
[20:49:55.080] [SEVERE ] placing card 51 in slot 0
[20:49:55.190] [SEVERE ] placing card 10 in slot 1
[20:49:55.301] [SEVERE ] placing card 20 in slot 2
[20:49:55.410] [SEVERE ] placing card 14 in slot 3
[20:49:55.519] [SEVERE ] placing card 46 in slot 4
[20:49:55.627] [SEVERE ] placing card 32 in slot 5
[20:49:55.737] [SEVERE ] placing card 37 in slot 6
[20:49:55.847] [SEVERE ] placing card 23 in slot 7
[20:49:55.954] [SEVERE ] placing card 24 in slot 8
[20:49:56.063] [SEVERE ] placing card 18 in slot 9
[20:49:56.171] [SEVERE ] placing card 67 in slot 10
[20:49:56.280] [SEVERE ] placing card 45 in slot 11
[20:49:56.280] [INFO   ] Thread dealer starting.
[20:49:56.280] [INFO   ] Thread dealer starting.
[20:49:56.797] [SEVERE ] key 69 was pressed by player 1
