[20:43:45.688] [INFO   ] thread main starting.
[20:43:45.696] [SEVERE ] cannot read configuration file config.properties trying from resources.
[20:43:45.698] [SEVERE ] configuration file was loaded from resources directory.
[20:43:46.142] [INFO   ] thread dealer starting.
[20:43:46.143] [INFO   ] Thread dealer starting.
[20:43:46.249] [SEVERE ] placing card 47 in slot 0
[20:43:46.359] [SEVERE ] placing card 42 in slot 1
[20:43:46.470] [SEVERE ] placing card 16 in slot 2
[20:43:46.580] [SEVERE ] placing card 73 in slot 3
[20:43:46.691] [SEVERE ] placing card 36 in slot 4
[20:43:46.802] [SEVERE ] placing card 9 in slot 5
[20:43:46.914] [SEVERE ] placing card 43 in slot 6
[20:43:47.025] [SEVERE ] placing card 79 in slot 7
[20:43:47.135] [SEVERE ] placing card 8 in slot 8
[20:43:47.245] [SEVERE ] placing card 32 in slot 9
[20:43:47.355] [SEVERE ] placing card 2 in slot 10
[20:43:47.462] [SEVERE ] placing card 26 in slot 11
[20:43:47.462] [INFO   ] Thread dealer starting.
[20:43:48.191] [SEVERE ] key 87 was pressed by player 1
[20:43:48.191] [SEVERE ] player 1 placing token on slot 1
[20:43:49.219] [SEVERE ] key 73 was pressed by player 2
