[12:13:04.557] [INFO   ] thread main starting.
[12:13:04.564] [SEVERE ] cannot read configuration file config.properties trying from resources.
[12:13:04.566] [SEVERE ] configuration file was loaded from resources directory.
[12:13:04.998] [INFO   ] thread dealer starting.
[12:13:04.998] [INFO   ] Thread dealer starting.
[12:13:04.999] [INFO   ] Thread Thread-0 starting.
[12:13:04.999] [INFO   ] Thread Thread-1 starting.
[12:13:05.117] [SEVERE ] placing card 9 in slot 0
[12:13:05.228] [SEVERE ] placing card 17 in slot 1
[12:13:05.338] [SEVERE ] placing card 70 in slot 2
[12:13:05.447] [SEVERE ] placing card 24 in slot 3
[12:13:05.557] [SEVERE ] placing card 73 in slot 4
[12:13:05.667] [SEVERE ] placing card 14 in slot 5
[12:13:05.777] [SEVERE ] placing card 74 in slot 6
[12:13:05.887] [SEVERE ] placing card 27 in slot 7
[12:13:05.998] [SEVERE ] placing card 1 in slot 8
[12:13:06.108] [SEVERE ] placing card 28 in slot 9
[12:13:06.219] [SEVERE ] placing card 51 in slot 10
[12:13:06.331] [SEVERE ] placing card 67 in slot 11
[12:13:08.005] [SEVERE ] key 80 was pressed by player 2
[12:13:08.005] [SEVERE ] player 2 placing token on slot 3
[12:13:08.330] [SEVERE ] key 80 was pressed by player 2
[12:13:08.330] [SEVERE ] removing player 2 token from slot 3
[12:13:09.035] [SEVERE ] key 69 was pressed by player 1
[12:13:09.035] [SEVERE ] player 1 placing token on slot 2
[12:13:09.273] [SEVERE ] key 69 was pressed by player 1
[12:13:09.273] [SEVERE ] removing player 1 token from slot 2
[12:13:09.767] [SEVERE ] key 69 was pressed by player 1
[12:13:09.767] [SEVERE ] player 1 placing token on slot 2
[12:13:10.009] [SEVERE ] key 69 was pressed by player 1
[12:13:10.009] [SEVERE ] removing player 1 token from slot 2
[12:13:10.664] [SEVERE ] key 69 was pressed by player 1
[12:13:10.664] [SEVERE ] player 1 placing token on slot 2
[12:13:10.756] [SEVERE ] key 82 was pressed by player 1
[12:13:10.756] [SEVERE ] player 1 placing token on slot 3
[12:13:11.362] [SEVERE ] key 70 was pressed by player 1
[12:13:11.363] [SEVERE ] player 1 placing token on slot 7
[12:13:11.363] [SEVERE ] setting player 1 freeze to 3000
[12:13:11.363] [SEVERE ] removing player 1 token from slot 2
[12:13:11.587] [SEVERE ] removing player 1 token from slot 3
[12:13:11.808] [SEVERE ] removing player 1 token from slot 7
[12:13:12.365] [SEVERE ] setting player 1 freeze to 2000
[12:13:13.374] [SEVERE ] setting player 1 freeze to 1000
[12:13:13.378] [SEVERE ] key 80 was pressed by player 2
[12:13:13.378] [SEVERE ] player 2 placing token on slot 3
[12:13:13.868] [SEVERE ] key 79 was pressed by player 2
[12:13:13.868] [SEVERE ] player 2 placing token on slot 2
[12:13:14.306] [SEVERE ] key 76 was pressed by player 2
[12:13:14.306] [SEVERE ] player 2 placing token on slot 6
[12:13:14.306] [SEVERE ] setting player 2 freeze to 3000
[12:13:14.375] [SEVERE ] setting player 1 freeze to 0
[12:13:14.407] [SEVERE ] removing player 2 token from slot 2
[12:13:14.627] [SEVERE ] removing player 2 token from slot 3
[12:13:14.846] [SEVERE ] removing player 2 token from slot 6
[12:13:15.320] [SEVERE ] setting player 2 freeze to 2000
[12:13:15.543] [SEVERE ] key 80 was pressed by player 2
[12:13:15.765] [SEVERE ] key 80 was pressed by player 2
[12:13:15.947] [SEVERE ] key 80 was pressed by player 2
[12:13:16.051] [SEVERE ] key 79 was pressed by player 2
[12:13:16.228] [SEVERE ] key 80 was pressed by player 2
[12:13:16.278] [SEVERE ] key 79 was pressed by player 2
[12:13:16.332] [SEVERE ] setting player 2 freeze to 1000
[12:13:16.473] [SEVERE ] key 80 was pressed by player 2
[12:13:16.484] [SEVERE ] key 76 was pressed by player 2
[12:13:16.778] [SEVERE ] key 69 was pressed by player 1
[12:13:16.856] [SEVERE ] key 82 was pressed by player 1
[12:13:17.069] [SEVERE ] key 70 was pressed by player 1
[12:13:17.078] [SEVERE ] key 68 was pressed by player 1
[12:13:17.190] [SEVERE ] key 83 was pressed by player 1
[12:13:17.215] [SEVERE ] key 68 was pressed by player 1
[12:13:17.347] [SEVERE ] setting player 2 freeze to 0
[12:13:20.551] [SEVERE ] key 79 was pressed by player 2
[12:13:20.699] [SEVERE ] key 79 was pressed by player 2
[12:13:20.847] [SEVERE ] key 79 was pressed by player 2
[12:13:21.010] [SEVERE ] key 76 was pressed by player 2
[12:13:21.169] [SEVERE ] key 76 was pressed by player 2
[12:13:21.367] [SEVERE ] key 75 was pressed by player 2
[12:13:21.537] [SEVERE ] key 73 was pressed by player 2
[12:13:21.668] [SEVERE ] key 73 was pressed by player 2
[12:13:22.100] [SEVERE ] key 83 was pressed by player 1
[12:13:22.206] [SEVERE ] key 83 was pressed by player 1
[12:13:22.362] [SEVERE ] key 69 was pressed by player 1
[12:13:22.382] [SEVERE ] key 87 was pressed by player 1
[12:13:22.467] [SEVERE ] key 83 was pressed by player 1
[12:13:22.584] [SEVERE ] key 87 was pressed by player 1
[12:13:22.603] [SEVERE ] key 69 was pressed by player 1
[12:13:24.806] [SEVERE ] exit button pressed
[12:13:24.807] [SEVERE ] thanks for playing... it was fun!
[12:13:24.807] [INFO   ] thread main terminated.
