[09:29:37.328] [INFO   ] thread main starting.
[09:29:37.334] [SEVERE ] cannot read configuration file config.properties trying from resources.
[09:29:37.337] [SEVERE ] configuration file was loaded from resources directory.
[09:29:37.892] [INFO   ] thread dealer starting.
[09:29:37.892] [INFO   ] Thread dealer starting.
[09:29:38.014] [SEVERE ] placing card 73 in slot 0
[09:29:38.124] [SEVERE ] placing card 7 in slot 1
[09:29:38.235] [SEVERE ] placing card 36 in slot 2
[09:29:38.346] [SEVERE ] placing card 61 in slot 3
[09:29:38.457] [SEVERE ] placing card 45 in slot 4
[09:29:38.567] [SEVERE ] placing card 53 in slot 5
[09:29:38.676] [SEVERE ] placing card 32 in slot 6
[09:29:38.788] [SEVERE ] placing card 29 in slot 7
[09:29:38.898] [SEVERE ] placing card 6 in slot 8
[09:29:39.008] [SEVERE ] placing card 49 in slot 9
[09:29:39.117] [SEVERE ] placing card 65 in slot 10
[09:29:39.228] [SEVERE ] placing card 18 in slot 11
[09:29:39.228] [INFO   ] Thread Thread-0 starting.
[09:29:39.228] [INFO   ] Thread Thread-1 starting.
[09:29:40.291] [SEVERE ] key 69 was pressed by player 1
[09:29:40.291] [SEVERE ] player 1 placing token on slot 2
[09:29:40.890] [SEVERE ] key 69 was pressed by player 1
[09:29:40.891] [SEVERE ] removing player 1 token from slot 2
[09:29:41.286] [SEVERE ] key 69 was pressed by player 1
[09:29:41.286] [SEVERE ] player 1 placing token on slot 2
[09:29:42.082] [SEVERE ] key 69 was pressed by player 1
[09:29:42.082] [SEVERE ] removing player 1 token from slot 2
[09:29:42.549] [SEVERE ] key 87 was pressed by player 1
[09:29:42.550] [SEVERE ] player 1 placing token on slot 1
[09:29:42.868] [SEVERE ] key 87 was pressed by player 1
[09:29:42.868] [SEVERE ] removing player 1 token from slot 1
[09:29:43.189] [SEVERE ] key 81 was pressed by player 1
[09:29:43.189] [SEVERE ] player 1 placing token on slot 0
[09:29:43.486] [SEVERE ] key 81 was pressed by player 1
[09:29:43.486] [SEVERE ] removing player 1 token from slot 0
[09:29:43.578] [SEVERE ] key 87 was pressed by player 1
[09:29:43.578] [SEVERE ] player 1 placing token on slot 1
[09:29:44.072] [SEVERE ] key 69 was pressed by player 1
[09:29:44.072] [SEVERE ] player 1 placing token on slot 2
[09:29:44.500] [SEVERE ] key 82 was pressed by player 1
[09:29:44.500] [SEVERE ] player 1 placing token on slot 3
[09:29:44.500] [SEVERE ] setting player 1 freeze to 3000
[09:29:44.906] [SEVERE ] key 82 was pressed by player 1
[09:29:45.432] [SEVERE ] key 69 was pressed by player 1
[09:29:45.508] [SEVERE ] setting player 1 freeze to 2000
[09:29:45.798] [SEVERE ] key 87 was pressed by player 1
[09:29:45.936] [SEVERE ] key 81 was pressed by player 1
[09:29:46.226] [SEVERE ] key 81 was pressed by player 1
[09:29:46.386] [SEVERE ] key 81 was pressed by player 1
[09:29:46.523] [SEVERE ] setting player 1 freeze to 1000
[09:29:46.865] [SEVERE ] key 81 was pressed by player 1
[09:29:46.949] [SEVERE ] key 87 was pressed by player 1
[09:29:46.979] [SEVERE ] key 69 was pressed by player 1
[09:29:47.215] [SEVERE ] key 81 was pressed by player 1
[09:29:47.534] [SEVERE ] setting player 1 freeze to 0
[09:29:54.294] [SEVERE ] key 81 was pressed by player 1
[09:29:54.348] [SEVERE ] key 87 was pressed by player 1
[09:29:54.348] [SEVERE ] removing player 1 token from slot 1
[09:29:54.521] [SEVERE ] key 69 was pressed by player 1
[09:29:54.522] [SEVERE ] removing player 1 token from slot 2
[09:29:56.666] [SEVERE ] key 82 was pressed by player 1
[09:29:56.666] [SEVERE ] removing player 1 token from slot 3
[09:30:06.925] [SEVERE ] key 81 was pressed by player 1
[09:30:06.925] [SEVERE ] player 1 placing token on slot 0
[09:30:07.970] [SEVERE ] key 90 was pressed by player 1
[09:30:07.970] [SEVERE ] player 1 placing token on slot 8
[09:30:10.189] [SEVERE ] key 67 was pressed by player 1
[09:30:10.189] [SEVERE ] player 1 placing token on slot 10
[09:30:10.189] [SEVERE ] setting player 1 freeze to 3000
[09:30:11.201] [SEVERE ] setting player 1 freeze to 2000
[09:30:12.208] [SEVERE ] setting player 1 freeze to 1000
[09:30:13.223] [SEVERE ] setting player 1 freeze to 0
[09:30:18.495] [SEVERE ] key 67 was pressed by player 1
[09:30:18.496] [SEVERE ] removing player 1 token from slot 10
[09:30:27.475] [SEVERE ] key 90 was pressed by player 1
[09:30:27.475] [SEVERE ] removing player 1 token from slot 8
[09:30:28.225] [SEVERE ] key 81 was pressed by player 1
[09:30:28.225] [SEVERE ] removing player 1 token from slot 0
[09:30:36.158] [SEVERE ] key 82 was pressed by player 1
[09:30:36.158] [SEVERE ] player 1 placing token on slot 3
[09:30:51.471] [SEVERE ] key 82 was pressed by player 1
[09:30:51.472] [SEVERE ] removing player 1 token from slot 3
[09:31:18.920] [SEVERE ] key 68 was pressed by player 1
[09:31:18.920] [SEVERE ] player 1 placing token on slot 6
[09:31:40.621] [SEVERE ] key 70 was pressed by player 1
[09:31:40.621] [SEVERE ] player 1 placing token on slot 7
[09:31:41.256] [SEVERE ] key 70 was pressed by player 1
[09:31:41.256] [SEVERE ] removing player 1 token from slot 7
[09:31:41.612] [SEVERE ] key 68 was pressed by player 1
[09:31:41.612] [SEVERE ] removing player 1 token from slot 6
[09:31:42.053] [SEVERE ] key 70 was pressed by player 1
[09:31:42.054] [SEVERE ] player 1 placing token on slot 7
[09:31:42.675] [SEVERE ] key 82 was pressed by player 1
[09:31:42.675] [SEVERE ] player 1 placing token on slot 3
[09:31:43.259] [SEVERE ] key 82 was pressed by player 1
[09:31:43.260] [SEVERE ] removing player 1 token from slot 3
[09:31:43.598] [SEVERE ] key 69 was pressed by player 1
[09:31:43.598] [SEVERE ] player 1 placing token on slot 2
[09:31:45.147] [SEVERE ] key 65 was pressed by player 1
[09:31:45.147] [SEVERE ] player 1 placing token on slot 4
[09:31:45.147] [SEVERE ] setting player 1 freeze to 3000
[09:31:46.151] [SEVERE ] setting player 1 freeze to 2000
[09:31:47.167] [SEVERE ] setting player 1 freeze to 1000
[09:31:48.175] [SEVERE ] setting player 1 freeze to 0
[09:31:53.157] [SEVERE ] key 65 was pressed by player 1
[09:31:53.157] [SEVERE ] removing player 1 token from slot 4
[09:32:01.829] [SEVERE ] key 70 was pressed by player 1
[09:32:01.830] [SEVERE ] removing player 1 token from slot 7
[09:32:02.701] [SEVERE ] key 81 was pressed by player 1
[09:32:02.701] [SEVERE ] player 1 placing token on slot 0
[09:32:09.671] [SEVERE ] exit button pressed
[09:32:09.671] [SEVERE ] thanks for playing... it was fun!
[09:32:09.671] [INFO   ] thread main terminated.
