[10:21:06.898] [INFO   ] thread main starting.
[10:21:06.905] [SEVERE ] cannot read configuration file config.properties trying from resources.
[10:21:06.907] [SEVERE ] configuration file was loaded from resources directory.
[10:21:07.298] [INFO   ] thread dealer starting.
[10:21:07.298] [INFO   ] Thread dealer starting.
[10:21:07.299] [INFO   ] Thread Thread-0 starting.
[10:21:07.406] [SEVERE ] placing card 80 in slot 0
[10:21:07.517] [SEVERE ] placing card 75 in slot 1
[10:21:07.626] [SEVERE ] placing card 49 in slot 2
[10:21:07.737] [SEVERE ] placing card 47 in slot 3
[10:21:07.847] [SEVERE ] placing card 36 in slot 4
[10:21:07.958] [SEVERE ] placing card 63 in slot 5
[10:21:08.070] [SEVERE ] placing card 11 in slot 6
[10:21:08.181] [SEVERE ] placing card 21 in slot 7
[10:21:08.290] [SEVERE ] placing card 42 in slot 8
[10:21:08.400] [SEVERE ] placing card 56 in slot 9
[10:21:08.510] [SEVERE ] placing card 25 in slot 10
[10:21:08.622] [SEVERE ] placing card 69 in slot 11
[10:21:30.173] [SEVERE ] key 88 was pressed by player 1
[10:21:30.173] [SEVERE ] player 1 placing token on slot 9
[10:21:31.249] [SEVERE ] key 68 was pressed by player 1
[10:21:31.249] [SEVERE ] player 1 placing token on slot 6
[10:21:32.256] [SEVERE ] key 82 was pressed by player 1
[10:21:32.256] [SEVERE ] player 1 placing token on slot 3
[10:21:32.256] [SEVERE ] setting player 1 freeze to 1000
[10:21:32.256] [SEVERE ] removing player 1 token from slot 3
[10:21:32.481] [SEVERE ] removing player 1 token from slot 6
[10:21:32.702] [SEVERE ] removing player 1 token from slot 9
[10:21:33.271] [SEVERE ] setting player 1 freeze to 0
[10:21:33.271] [SEVERE ] setting player 1 score to 1
[10:21:41.478] [SEVERE ] key 88 was pressed by player 1
[10:21:42.107] [SEVERE ] key 88 was pressed by player 1
[10:21:42.116] [SEVERE ] key 90 was pressed by player 1
[10:21:42.392] [SEVERE ] key 83 was pressed by player 1
[10:21:42.515] [SEVERE ] key 69 was pressed by player 1
[10:21:42.524] [SEVERE ] key 68 was pressed by player 1
[10:21:42.579] [SEVERE ] key 83 was pressed by player 1
[10:21:42.749] [SEVERE ] key 69 was pressed by player 1
[10:21:42.861] [SEVERE ] key 83 was pressed by player 1
[10:21:42.967] [SEVERE ] key 69 was pressed by player 1
[10:21:47.978] [SEVERE ] exit button pressed
[10:21:47.979] [SEVERE ] thanks for playing... it was fun!
[10:21:47.979] [INFO   ] thread main terminated.
