[12:18:28.697] [INFO   ] thread main starting.
[12:18:28.702] [SEVERE ] cannot read configuration file config.properties trying from resources.
[12:18:28.703] [SEVERE ] configuration file was loaded from resources directory.
[12:18:29.105] [INFO   ] thread dealer starting.
[12:18:29.105] [INFO   ] Thread dealer starting.
[12:18:29.106] [INFO   ] Thread Thread-0 starting.
[12:18:29.106] [INFO   ] Thread Thread-1 starting.
[12:18:29.215] [SEVERE ] placing card 57 in slot 0
[12:18:29.327] [SEVERE ] placing card 25 in slot 1
[12:18:29.438] [SEVERE ] placing card 9 in slot 2
[12:18:29.549] [SEVERE ] placing card 62 in slot 3
[12:18:29.658] [SEVERE ] placing card 75 in slot 4
[12:18:29.769] [SEVERE ] placing card 77 in slot 5
[12:18:29.880] [SEVERE ] placing card 18 in slot 6
[12:18:29.991] [SEVERE ] placing card 71 in slot 7
[12:18:30.100] [SEVERE ] placing card 3 in slot 8
[12:18:30.210] [SEVERE ] placing card 16 in slot 9
[12:18:30.319] [SEVERE ] placing card 40 in slot 10
[12:18:30.430] [SEVERE ] placing card 22 in slot 11
[12:18:53.313] [SEVERE ] exit button pressed
[12:18:53.314] [SEVERE ] thanks for playing... it was fun!
[12:18:53.314] [INFO   ] thread main terminated.
