[12:09:52.170] [INFO   ] thread main starting.
[12:09:52.176] [SEVERE ] cannot read configuration file config.properties trying from resources.
[12:09:52.178] [SEVERE ] configuration file was loaded from resources directory.
[12:09:52.578] [INFO   ] thread dealer starting.
[12:09:52.579] [INFO   ] Thread dealer starting.
[12:09:52.580] [INFO   ] Thread Thread-0 starting.
[12:09:52.691] [SEVERE ] placing card 74 in slot 0
[12:09:52.802] [SEVERE ] placing card 27 in slot 1
[12:09:52.912] [SEVERE ] placing card 55 in slot 2
[12:09:53.023] [SEVERE ] placing card 1 in slot 3
[12:09:53.132] [SEVERE ] placing card 7 in slot 4
[12:09:53.242] [SEVERE ] placing card 61 in slot 5
[12:09:53.352] [SEVERE ] placing card 45 in slot 6
[12:09:53.463] [SEVERE ] placing card 14 in slot 7
[12:09:53.573] [SEVERE ] placing card 51 in slot 8
[12:09:53.684] [SEVERE ] placing card 26 in slot 9
[12:09:53.793] [SEVERE ] placing card 64 in slot 10
[12:09:53.903] [SEVERE ] placing card 50 in slot 11
[12:09:54.142] [SEVERE ] key 79 was pressed by player 2
[12:09:54.433] [SEVERE ] key 73 was pressed by player 2
[12:09:54.624] [SEVERE ] key 73 was pressed by player 2
[12:09:54.805] [SEVERE ] key 85 was pressed by player 2
[12:09:54.950] [SEVERE ] key 85 was pressed by player 2
[12:09:55.304] [SEVERE ] key 76 was pressed by player 2
[12:09:55.385] [SEVERE ] key 75 was pressed by player 2
[12:09:56.002] [SEVERE ] key 82 was pressed by player 1
[12:09:56.002] [SEVERE ] player 1 placing token on slot 3
[12:09:56.191] [SEVERE ] key 82 was pressed by player 1
[12:09:56.191] [SEVERE ] removing player 1 token from slot 3
[12:09:56.357] [SEVERE ] key 82 was pressed by player 1
[12:09:56.357] [SEVERE ] player 1 placing token on slot 3
[12:09:56.526] [SEVERE ] key 82 was pressed by player 1
[12:09:56.527] [SEVERE ] removing player 1 token from slot 3
[12:09:56.696] [SEVERE ] key 82 was pressed by player 1
[12:09:56.696] [SEVERE ] player 1 placing token on slot 3
[12:09:56.875] [SEVERE ] key 82 was pressed by player 1
[12:09:56.875] [SEVERE ] removing player 1 token from slot 3
[12:09:57.267] [SEVERE ] key 82 was pressed by player 1
[12:09:57.267] [SEVERE ] player 1 placing token on slot 3
[12:09:57.905] [SEVERE ] key 70 was pressed by player 1
[12:09:57.906] [SEVERE ] player 1 placing token on slot 7
[12:09:58.182] [SEVERE ] key 67 was pressed by player 1
[12:09:58.182] [SEVERE ] player 1 placing token on slot 10
[12:09:58.183] [SEVERE ] setting player 1 freeze to 3000
[12:09:58.183] [SEVERE ] removing player 1 token from slot 3
[12:09:58.395] [SEVERE ] removing player 1 token from slot 7
[12:09:58.617] [SEVERE ] removing player 1 token from slot 10
[12:09:59.186] [SEVERE ] setting player 1 freeze to 2000
[12:10:00.197] [SEVERE ] setting player 1 freeze to 1000
[12:10:01.207] [SEVERE ] setting player 1 freeze to 0
[12:10:01.582] [SEVERE ] key 67 was pressed by player 1
[12:10:01.904] [SEVERE ] key 67 was pressed by player 1
[12:10:02.067] [SEVERE ] key 67 was pressed by player 1
[12:10:02.189] [SEVERE ] key 70 was pressed by player 1
[12:10:02.348] [SEVERE ] key 67 was pressed by player 1
[12:10:02.498] [SEVERE ] key 70 was pressed by player 1
[12:10:03.977] [SEVERE ] exit button pressed
[12:10:03.977] [SEVERE ] thanks for playing... it was fun!
[12:10:03.977] [INFO   ] thread main terminated.
