[20:32:43.760] [INFO   ] thread main starting.
[20:32:43.769] [SEVERE ] cannot read configuration file config.properties trying from resources.
[20:32:43.771] [SEVERE ] configuration file was loaded from resources directory.
[20:32:44.435] [INFO   ] thread dealer starting.
[20:32:44.437] [INFO   ] Thread dealer starting.
[20:32:44.555] [SEVERE ] placing card 56 in slot 0
[20:32:44.664] [SEVERE ] placing card 55 in slot 1
[20:32:44.775] [SEVERE ] placing card 22 in slot 2
[20:32:44.886] [SEVERE ] placing card 46 in slot 3
[20:32:44.998] [SEVERE ] placing card 35 in slot 4
[20:32:45.108] [SEVERE ] placing card 28 in slot 5
[20:32:45.217] [SEVERE ] placing card 32 in slot 6
[20:32:45.326] [SEVERE ] placing card 79 in slot 7
[20:32:45.434] [SEVERE ] placing card 69 in slot 8
[20:32:45.545] [SEVERE ] placing card 23 in slot 9
[20:32:45.654] [SEVERE ] placing card 41 in slot 10
[20:32:45.762] [SEVERE ] placing card 51 in slot 11
[20:32:45.762] [INFO   ] Thread dealer starting.
[20:32:46.164] [SEVERE ] key 73 was pressed by player 2
[20:32:46.213] [SEVERE ] key 73 was pressed by player 2
[20:32:46.370] [SEVERE ] key 73 was pressed by player 2
[20:32:46.529] [SEVERE ] key 73 was pressed by player 2
[20:32:46.663] [SEVERE ] key 73 was pressed by player 2
