[20:51:34.585] [INFO   ] thread main starting.
[20:51:34.603] [SEVERE ] cannot read configuration file config.properties trying from resources.
[20:51:34.605] [SEVERE ] configuration file was loaded from resources directory.
[20:51:35.155] [INFO   ] thread dealer starting.
[20:51:35.156] [INFO   ] Thread dealer starting.
[20:51:35.269] [SEVERE ] placing card 70 in slot 0
[20:51:35.377] [SEVERE ] placing card 18 in slot 1
[20:51:35.486] [SEVERE ] placing card 38 in slot 2
[20:51:35.597] [SEVERE ] placing card 37 in slot 3
[20:51:35.705] [SEVERE ] placing card 73 in slot 4
[20:51:35.814] [SEVERE ] placing card 54 in slot 5
[20:51:35.922] [SEVERE ] placing card 74 in slot 6
[20:51:36.031] [SEVERE ] placing card 29 in slot 7
[20:51:36.139] [SEVERE ] placing card 33 in slot 8
[20:51:36.250] [SEVERE ] placing card 30 in slot 9
[20:51:36.357] [SEVERE ] placing card 63 in slot 10
[20:51:36.469] [SEVERE ] placing card 67 in slot 11
[20:51:36.469] [INFO   ] Thread dealer starting.
[20:51:36.470] [INFO   ] thread dealer terminated.
[20:51:36.665] [SEVERE ] key 69 was pressed by player 1
[20:51:41.476] [SEVERE ] disposing of user interface elements
[20:51:41.481] [SEVERE ] thanks for playing... it was fun!
[20:51:41.481] [INFO   ] thread main terminated.
