[12:39:42.392] [INFO   ] thread main starting.
[12:39:42.399] [SEVERE ] cannot read configuration file config.properties trying from resources.
[12:39:42.400] [SEVERE ] configuration file was loaded from resources directory.
[12:39:42.811] [INFO   ] thread dealer starting.
[12:39:42.811] [INFO   ] Thread dealer starting.
[12:39:42.812] [INFO   ] Thread Thread-0 starting.
[12:39:42.812] [INFO   ] Thread Thread-1 starting.
[12:39:42.931] [SEVERE ] placing card 61 in slot 0
[12:39:43.042] [SEVERE ] placing card 27 in slot 1
[12:39:43.150] [SEVERE ] placing card 35 in slot 2
[12:39:43.260] [SEVERE ] placing card 72 in slot 3
[12:39:43.384] [SEVERE ] placing card 46 in slot 4
[12:39:43.494] [SEVERE ] placing card 13 in slot 5
[12:39:43.605] [SEVERE ] placing card 9 in slot 6
[12:39:43.714] [SEVERE ] placing card 16 in slot 7
[12:39:43.824] [SEVERE ] placing card 37 in slot 8
[12:39:43.935] [SEVERE ] placing card 60 in slot 9
[12:39:44.046] [SEVERE ] placing card 6 in slot 10
[12:39:44.157] [SEVERE ] placing card 63 in slot 11
[12:39:52.684] [SEVERE ] key 67 was pressed by player 1
[12:39:52.685] [SEVERE ] player 1 placing token on slot 10
[12:39:53.882] [SEVERE ] key 69 was pressed by player 1
[12:39:53.883] [SEVERE ] player 1 placing token on slot 2
[12:39:55.098] [SEVERE ] key 81 was pressed by player 1
[12:39:55.098] [SEVERE ] player 1 placing token on slot 0
[12:39:55.098] [SEVERE ] setting player 1 freeze to 1000
[12:39:55.202] [SEVERE ] removing card from slot 0
[12:39:55.202] [SEVERE ] removing player 1 token from slot 0
[12:39:55.425] [SEVERE ] removing card from slot 2
[12:39:55.425] [SEVERE ] removing player 1 token from slot 2
[12:39:55.644] [SEVERE ] removing card from slot 10
[12:39:55.644] [SEVERE ] removing player 1 token from slot 10
[12:39:56.100] [SEVERE ] setting player 1 freeze to 0
[12:39:56.100] [SEVERE ] setting player 1 score to 1
