[10:18:52.962] [INFO   ] thread main starting.
[10:18:52.969] [SEVERE ] cannot read configuration file config.properties trying from resources.
[10:18:52.971] [SEVERE ] configuration file was loaded from resources directory.
[10:18:53.423] [INFO   ] thread dealer starting.
[10:18:53.424] [INFO   ] Thread dealer starting.
[10:18:53.424] [INFO   ] Thread Thread-0 starting.
[10:18:53.544] [SEVERE ] placing card 42 in slot 0
[10:18:53.655] [SEVERE ] placing card 64 in slot 1
[10:18:53.766] [SEVERE ] placing card 55 in slot 2
[10:18:53.876] [SEVERE ] placing card 11 in slot 3
[10:18:53.987] [SEVERE ] placing card 71 in slot 4
[10:18:54.097] [SEVERE ] placing card 7 in slot 5
[10:18:54.208] [SEVERE ] placing card 38 in slot 6
[10:18:54.319] [SEVERE ] placing card 1 in slot 7
[10:18:54.432] [SEVERE ] placing card 41 in slot 8
[10:18:54.541] [SEVERE ] placing card 48 in slot 9
[10:18:54.652] [SEVERE ] placing card 30 in slot 10
[10:18:54.763] [SEVERE ] placing card 19 in slot 11
[10:19:49.080] [SEVERE ] exit button pressed
[10:19:49.080] [SEVERE ] thanks for playing... it was fun!
[10:19:49.081] [INFO   ] thread main terminated.
