[12:15:06.994] [INFO   ] thread main starting.
[12:15:07.000] [SEVERE ] cannot read configuration file config.properties trying from resources.
[12:15:07.002] [SEVERE ] configuration file was loaded from resources directory.
[12:15:07.427] [INFO   ] thread dealer starting.
[12:15:07.427] [INFO   ] Thread dealer starting.
[12:15:07.428] [INFO   ] Thread Thread-0 starting.
[12:15:07.428] [INFO   ] Thread Thread-1 starting.
[12:15:07.533] [SEVERE ] placing card 5 in slot 0
[12:15:07.644] [SEVERE ] placing card 57 in slot 1
[12:15:07.753] [SEVERE ] placing card 3 in slot 2
[12:15:07.864] [SEVERE ] placing card 19 in slot 3
[12:15:07.974] [SEVERE ] placing card 66 in slot 4
[12:15:08.083] [SEVERE ] placing card 39 in slot 5
[12:15:08.195] [SEVERE ] placing card 76 in slot 6
[12:15:08.306] [SEVERE ] placing card 34 in slot 7
[12:15:08.415] [SEVERE ] placing card 41 in slot 8
[12:15:08.526] [SEVERE ] placing card 4 in slot 9
[12:15:08.636] [SEVERE ] placing card 48 in slot 10
[12:15:08.745] [SEVERE ] placing card 17 in slot 11
[12:15:31.205] [SEVERE ] key 81 was pressed by player 1
[12:15:31.205] [SEVERE ] player 1 placing token on slot 0
[12:15:32.030] [SEVERE ] key 88 was pressed by player 1
[12:15:32.031] [SEVERE ] player 1 placing token on slot 9
[12:15:32.601] [SEVERE ] key 82 was pressed by player 1
[12:15:32.602] [SEVERE ] player 1 placing token on slot 3
[12:15:32.602] [SEVERE ] setting player 1 freeze to 3000
[12:15:32.602] [SEVERE ] removing player 1 token from slot 0
[12:15:32.817] [SEVERE ] removing player 1 token from slot 3
[12:15:33.036] [SEVERE ] removing player 1 token from slot 9
[12:15:33.603] [SEVERE ] setting player 1 freeze to 2000
[12:15:34.614] [SEVERE ] setting player 1 freeze to 1000
[12:15:34.864] [SEVERE ] key 81 was pressed by player 1
[12:15:35.137] [SEVERE ] key 81 was pressed by player 1
[12:15:35.628] [SEVERE ] setting player 1 freeze to 0
[12:15:36.329] [SEVERE ] key 81 was pressed by player 1
[12:15:38.170] [SEVERE ] key 79 was pressed by player 2
[12:15:38.171] [SEVERE ] player 2 placing token on slot 2
[12:15:43.575] [SEVERE ] key 85 was pressed by player 2
[12:15:43.575] [SEVERE ] player 2 placing token on slot 0
[12:15:46.201] [SEVERE ] key 44 was pressed by player 2
[12:15:46.201] [SEVERE ] player 2 placing token on slot 9
[12:15:46.201] [SEVERE ] setting player 2 freeze to 1000
[12:15:46.308] [SEVERE ] removing player 2 token from slot 0
[12:15:46.529] [SEVERE ] removing player 2 token from slot 2
[12:15:46.751] [SEVERE ] removing player 2 token from slot 9
[12:15:47.209] [SEVERE ] setting player 2 freeze to 0
[12:15:47.209] [SEVERE ] setting player 2 score to 1
[12:15:48.173] [SEVERE ] key 44 was pressed by player 2
[12:15:50.571] [SEVERE ] exit button pressed
[12:15:50.571] [SEVERE ] thanks for playing... it was fun!
[12:15:50.572] [INFO   ] thread main terminated.
