[12:18:56.398] [INFO   ] thread main starting.
[12:18:56.404] [SEVERE ] cannot read configuration file config.properties trying from resources.
[12:18:56.405] [SEVERE ] configuration file was loaded from resources directory.
[12:18:56.819] [INFO   ] thread dealer starting.
[12:18:56.820] [INFO   ] Thread dealer starting.
[12:18:56.820] [INFO   ] Thread Thread-0 starting.
[12:18:56.820] [INFO   ] Thread Thread-1 starting.
[12:18:56.929] [SEVERE ] placing card 37 in slot 0
[12:18:57.038] [SEVERE ] placing card 74 in slot 1
[12:18:57.149] [SEVERE ] placing card 61 in slot 2
[12:18:57.258] [SEVERE ] placing card 56 in slot 3
[12:18:57.370] [SEVERE ] placing card 22 in slot 4
[12:18:57.479] [SEVERE ] placing card 80 in slot 5
[12:18:57.588] [SEVERE ] placing card 68 in slot 6
[12:18:57.699] [SEVERE ] placing card 55 in slot 7
[12:18:57.808] [SEVERE ] placing card 46 in slot 8
[12:18:57.918] [SEVERE ] placing card 21 in slot 9
[12:18:58.029] [SEVERE ] placing card 42 in slot 10
[12:18:58.140] [SEVERE ] placing card 9 in slot 11
[12:19:17.604] [SEVERE ] key 68 was pressed by player 1
[12:19:17.604] [SEVERE ] player 1 placing token on slot 6
[12:19:18.918] [SEVERE ] key 70 was pressed by player 1
[12:19:18.918] [SEVERE ] player 1 placing token on slot 7
[12:19:19.625] [SEVERE ] key 65 was pressed by player 1
[12:19:19.626] [SEVERE ] player 1 placing token on slot 4
[12:19:19.626] [SEVERE ] setting player 1 freeze to 3000
[12:19:19.626] [SEVERE ] removing player 1 token from slot 4
[12:19:19.852] [INFO   ] thread dealer terminated.
[12:19:20.628] [SEVERE ] setting player 1 freeze to 2000
[12:19:21.640] [SEVERE ] setting player 1 freeze to 1000
[12:19:22.647] [SEVERE ] setting player 1 freeze to 0
[12:19:23.673] [SEVERE ] key 70 was pressed by player 1
[12:19:23.673] [SEVERE ] removing player 1 token from slot 7
[12:19:24.860] [SEVERE ] disposing of user interface elements
[12:19:24.868] [SEVERE ] thanks for playing... it was fun!
[12:19:24.869] [INFO   ] thread main terminated.
