[12:08:15.290] [INFO   ] thread main starting.
[12:08:15.295] [SEVERE ] cannot read configuration file config.properties trying from resources.
[12:08:15.297] [SEVERE ] configuration file was loaded from resources directory.
[12:08:15.698] [INFO   ] thread dealer starting.
[12:08:15.700] [INFO   ] Thread dealer starting.
[12:08:15.703] [INFO   ] Thread Thread-0 starting.
[12:08:15.819] [SEVERE ] placing card 50 in slot 0
[12:08:15.932] [SEVERE ] placing card 61 in slot 1
[12:08:16.042] [SEVERE ] placing card 35 in slot 2
[12:08:16.153] [SEVERE ] placing card 47 in slot 3
[12:08:16.263] [SEVERE ] placing card 67 in slot 4
[12:08:16.373] [SEVERE ] placing card 37 in slot 5
[12:08:16.483] [SEVERE ] placing card 78 in slot 6
[12:08:16.593] [SEVERE ] placing card 26 in slot 7
[12:08:16.703] [SEVERE ] placing card 68 in slot 8
[12:08:16.812] [SEVERE ] placing card 55 in slot 9
[12:08:16.922] [SEVERE ] placing card 0 in slot 10
[12:08:17.031] [SEVERE ] placing card 51 in slot 11
[12:08:32.433] [SEVERE ] key 90 was pressed by player 1
[12:08:32.434] [SEVERE ] player 1 placing token on slot 8
[12:08:32.690] [SEVERE ] key 88 was pressed by player 1
[12:08:32.690] [SEVERE ] player 1 placing token on slot 9
[12:08:33.691] [SEVERE ] key 70 was pressed by player 1
[12:08:33.691] [SEVERE ] player 1 placing token on slot 7
[12:08:33.691] [SEVERE ] setting player 1 freeze to 3000
[12:08:33.691] [SEVERE ] removing player 1 token from slot 7
[12:08:33.911] [SEVERE ] removing player 1 token from slot 8
[12:08:34.133] [SEVERE ] removing player 1 token from slot 9
[12:08:34.703] [SEVERE ] setting player 1 freeze to 2000
[12:08:35.705] [SEVERE ] setting player 1 freeze to 1000
[12:08:36.716] [SEVERE ] setting player 1 freeze to 0
[12:08:37.738] [SEVERE ] key 81 was pressed by player 1
[12:08:38.166] [SEVERE ] key 81 was pressed by player 1
[12:08:38.361] [SEVERE ] key 87 was pressed by player 1
[12:08:38.396] [SEVERE ] key 69 was pressed by player 1
[12:08:38.776] [SEVERE ] key 82 was pressed by player 1
[12:08:39.138] [SEVERE ] key 79 was pressed by player 2
[12:08:39.297] [SEVERE ] key 73 was pressed by player 2
[12:08:39.601] [SEVERE ] key 75 was pressed by player 2
[12:08:39.611] [SEVERE ] key 76 was pressed by player 2
[12:08:39.621] [SEVERE ] key 74 was pressed by player 2
[12:08:39.745] [SEVERE ] key 59 was pressed by player 2
[12:08:41.308] [SEVERE ] exit button pressed
[12:08:41.309] [SEVERE ] thanks for playing... it was fun!
[12:08:41.309] [INFO   ] thread main terminated.
