[12:32:13.997] [INFO   ] thread main starting.
[12:32:14.004] [SEVERE ] cannot read configuration file config.properties trying from resources.
[12:32:14.005] [SEVERE ] configuration file was loaded from resources directory.
[12:32:14.404] [INFO   ] thread dealer starting.
[12:32:14.405] [INFO   ] Thread dealer starting.
[12:32:14.406] [INFO   ] Thread Thread-1 starting.
[12:32:14.406] [INFO   ] Thread Thread-0 starting.
[12:32:14.515] [SEVERE ] placing card 18 in slot 0
[12:32:14.626] [SEVERE ] placing card 54 in slot 1
[12:32:14.738] [SEVERE ] placing card 9 in slot 2
[12:32:14.847] [SEVERE ] placing card 14 in slot 3
[12:32:14.956] [SEVERE ] placing card 51 in slot 4
[12:32:15.068] [SEVERE ] placing card 30 in slot 5
[12:32:15.179] [SEVERE ] placing card 56 in slot 6
[12:32:15.288] [SEVERE ] placing card 71 in slot 7
[12:32:15.397] [SEVERE ] placing card 37 in slot 8
[12:32:15.508] [SEVERE ] placing card 66 in slot 9
[12:32:15.618] [SEVERE ] placing card 38 in slot 10
[12:32:15.727] [SEVERE ] placing card 74 in slot 11
[12:32:33.316] [SEVERE ] exit button pressed
[12:32:33.316] [SEVERE ] thanks for playing... it was fun!
[12:32:33.316] [INFO   ] thread main terminated.
