[12:14:34.787] [INFO   ] thread main starting.
[12:14:34.793] [SEVERE ] cannot read configuration file config.properties trying from resources.
[12:14:34.795] [SEVERE ] configuration file was loaded from resources directory.
[12:14:35.234] [INFO   ] thread dealer starting.
[12:14:35.236] [INFO   ] Thread dealer starting.
[12:14:35.241] [INFO   ] Thread Thread-0 starting.
[12:14:35.241] [INFO   ] Thread Thread-1 starting.
[12:14:35.344] [SEVERE ] placing card 30 in slot 0
[12:14:35.454] [SEVERE ] placing card 71 in slot 1
[12:14:35.565] [SEVERE ] placing card 60 in slot 2
[12:14:35.676] [SEVERE ] placing card 18 in slot 3
[12:14:35.786] [SEVERE ] placing card 12 in slot 4
[12:14:35.897] [SEVERE ] placing card 13 in slot 5
[12:14:36.008] [SEVERE ] placing card 27 in slot 6
[12:14:36.116] [SEVERE ] placing card 41 in slot 7
[12:14:36.226] [SEVERE ] placing card 69 in slot 8
[12:14:36.336] [SEVERE ] placing card 34 in slot 9
[12:14:36.446] [SEVERE ] placing card 61 in slot 10
[12:14:36.556] [SEVERE ] placing card 28 in slot 11
[12:14:36.776] [SEVERE ] key 81 was pressed by player 1
[12:14:36.776] [SEVERE ] player 1 placing token on slot 0
[12:14:37.086] [SEVERE ] key 87 was pressed by player 1
[12:14:37.086] [SEVERE ] player 1 placing token on slot 1
[12:14:37.357] [SEVERE ] key 69 was pressed by player 1
[12:14:37.357] [SEVERE ] player 1 placing token on slot 2
[12:14:37.358] [SEVERE ] setting player 1 freeze to 3000
[12:14:37.358] [SEVERE ] removing player 1 token from slot 0
[12:14:37.582] [SEVERE ] removing player 1 token from slot 1
[12:14:37.803] [SEVERE ] removing player 1 token from slot 2
[12:14:38.371] [SEVERE ] setting player 1 freeze to 2000
[12:14:39.371] [SEVERE ] setting player 1 freeze to 1000
[12:14:39.944] [SEVERE ] key 79 was pressed by player 2
[12:14:39.944] [SEVERE ] player 2 placing token on slot 2
[12:14:40.256] [SEVERE ] key 79 was pressed by player 2
[12:14:40.256] [SEVERE ] removing player 2 token from slot 2
[12:14:40.384] [SEVERE ] setting player 1 freeze to 0
[12:14:41.055] [SEVERE ] key 81 was pressed by player 1
[12:14:41.375] [SEVERE ] key 87 was pressed by player 1
[12:14:41.415] [SEVERE ] key 81 was pressed by player 1
[12:14:41.495] [SEVERE ] key 69 was pressed by player 1
[12:14:41.928] [SEVERE ] key 79 was pressed by player 2
[12:14:41.928] [SEVERE ] player 2 placing token on slot 2
[12:14:42.053] [SEVERE ] key 73 was pressed by player 2
[12:14:42.053] [SEVERE ] player 2 placing token on slot 1
[12:14:42.320] [SEVERE ] key 85 was pressed by player 2
[12:14:42.321] [SEVERE ] player 2 placing token on slot 0
[12:14:42.321] [SEVERE ] setting player 2 freeze to 3000
[12:14:42.421] [SEVERE ] removing player 2 token from slot 0
[12:14:42.644] [SEVERE ] removing player 2 token from slot 1
[12:14:42.866] [SEVERE ] removing player 2 token from slot 2
[12:14:43.325] [SEVERE ] setting player 2 freeze to 2000
[12:14:44.162] [SEVERE ] exit button pressed
[12:14:44.163] [SEVERE ] thanks for playing... it was fun!
[12:14:44.163] [INFO   ] thread main terminated.
