[12:22:16.659] [INFO   ] thread main starting.
[12:22:16.664] [SEVERE ] cannot read configuration file config.properties trying from resources.
[12:22:16.666] [SEVERE ] configuration file was loaded from resources directory.
[12:22:17.085] [INFO   ] thread dealer starting.
[12:22:17.086] [INFO   ] Thread dealer starting.
[12:22:17.087] [INFO   ] Thread Thread-1 starting.
[12:22:17.087] [INFO   ] Thread Thread-0 starting.
[12:22:17.199] [SEVERE ] placing card 9 in slot 0
[12:22:17.309] [SEVERE ] placing card 53 in slot 1
[12:22:17.420] [SEVERE ] placing card 38 in slot 2
[12:22:17.533] [SEVERE ] placing card 7 in slot 3
[12:22:17.641] [SEVERE ] placing card 69 in slot 4
[12:22:17.751] [SEVERE ] placing card 37 in slot 5
[12:22:17.862] [SEVERE ] placing card 2 in slot 6
[12:22:17.973] [SEVERE ] placing card 45 in slot 7
[12:22:18.084] [SEVERE ] placing card 5 in slot 8
[12:22:18.196] [SEVERE ] placing card 23 in slot 9
[12:22:18.306] [SEVERE ] placing card 16 in slot 10
[12:22:18.416] [SEVERE ] placing card 11 in slot 11
[12:22:36.447] [SEVERE ] key 82 was pressed by player 1
[12:22:36.447] [SEVERE ] player 1 placing token on slot 3
[12:22:40.377] [SEVERE ] key 88 was pressed by player 1
[12:22:40.377] [SEVERE ] player 1 placing token on slot 9
[12:22:41.444] [SEVERE ] key 81 was pressed by player 1
[12:22:41.444] [SEVERE ] player 1 placing token on slot 0
[12:22:41.445] [SEVERE ] setting player 1 freeze to 1000
[12:22:41.445] [SEVERE ] removing player 1 token from slot 0
[12:22:41.656] [INFO   ] thread dealer terminated.
[12:22:42.458] [SEVERE ] setting player 1 freeze to 0
[12:22:42.459] [SEVERE ] setting player 1 score to 1
[12:22:46.665] [SEVERE ] disposing of user interface elements
[12:22:46.674] [SEVERE ] thanks for playing... it was fun!
[12:22:46.674] [INFO   ] thread main terminated.
