[20:57:05.423] [INFO   ] thread main starting.
[20:57:05.428] [SEVERE ] cannot read configuration file config.properties trying from resources.
[20:57:05.434] [SEVERE ] configuration file was loaded from resources directory.
[20:57:05.930] [INFO   ] thread dealer starting.
[20:57:05.931] [INFO   ] Thread dealer starting.
[20:57:06.051] [SEVERE ] placing card 61 in slot 0
[20:57:06.161] [SEVERE ] placing card 1 in slot 1
[20:57:06.270] [SEVERE ] placing card 23 in slot 2
[20:57:06.378] [SEVERE ] placing card 0 in slot 3
[20:57:06.487] [SEVERE ] placing card 31 in slot 4
[20:57:06.597] [SEVERE ] placing card 38 in slot 5
[20:57:06.709] [SEVERE ] placing card 69 in slot 6
[20:57:06.819] [SEVERE ] placing card 52 in slot 7
[20:57:06.927] [SEVERE ] placing card 64 in slot 8
[20:57:07.035] [SEVERE ] placing card 51 in slot 9
[20:57:07.145] [SEVERE ] placing card 3 in slot 10
[20:57:07.253] [SEVERE ] placing card 15 in slot 11
[20:57:07.253] [INFO   ] Thread dealer starting.
[20:57:08.504] [SEVERE ] key 69 was pressed by player 1
[20:57:08.504] [SEVERE ] player 1 placing token on slot 2
[20:57:10.613] [SEVERE ] key 80 was pressed by player 2
[20:57:10.883] [SEVERE ] key 79 was pressed by player 2
[20:57:11.085] [SEVERE ] key 73 was pressed by player 2
[20:57:11.366] [SEVERE ] key 73 was pressed by player 2
[20:57:11.603] [SEVERE ] key 73 was pressed by player 2
[20:57:11.805] [SEVERE ] key 85 was pressed by player 2
[20:57:11.816] [SEVERE ] key 73 was pressed by player 2
[20:57:12.131] [SEVERE ] key 85 was pressed by player 2
[20:57:12.289] [SEVERE ] key 85 was pressed by player 2
[20:57:12.447] [SEVERE ] key 73 was pressed by player 2
[20:57:12.493] [SEVERE ] key 85 was pressed by player 2
[20:57:12.705] [SEVERE ] key 73 was pressed by player 2
[20:57:12.784] [SEVERE ] key 85 was pressed by player 2
[20:57:12.953] [SEVERE ] key 73 was pressed by player 2
[20:57:13.009] [SEVERE ] key 85 was pressed by player 2
[20:57:13.189] [SEVERE ] key 73 was pressed by player 2
[20:57:13.234] [SEVERE ] key 85 was pressed by player 2
[20:57:13.391] [SEVERE ] key 73 was pressed by player 2
[20:57:13.448] [SEVERE ] key 85 was pressed by player 2
[20:57:13.593] [SEVERE ] key 73 was pressed by player 2
[20:57:13.672] [SEVERE ] key 85 was pressed by player 2
[20:57:13.830] [SEVERE ] key 73 was pressed by player 2
[20:57:13.886] [SEVERE ] key 85 was pressed by player 2
[20:57:14.507] [SEVERE ] key 87 was pressed by player 1
[20:57:14.507] [SEVERE ] player 1 placing token on slot 1
[20:57:14.507] [SEVERE ] key 69 was pressed by player 1
[20:57:14.508] [SEVERE ] removing player 1 token from slot 2
[20:57:14.698] [SEVERE ] key 69 was pressed by player 1
[20:57:14.698] [SEVERE ] player 1 placing token on slot 2
[20:57:15.090] [SEVERE ] key 69 was pressed by player 1
[20:57:15.091] [SEVERE ] removing player 1 token from slot 2
[20:57:15.450] [SEVERE ] key 82 was pressed by player 1
[20:57:15.451] [SEVERE ] player 1 placing token on slot 3
[20:57:15.585] [SEVERE ] key 69 was pressed by player 1
[20:57:15.585] [SEVERE ] player 1 placing token on slot 2
[20:57:15.844] [SEVERE ] key 69 was pressed by player 1
[20:57:15.844] [SEVERE ] removing player 1 token from slot 2
[20:57:16.012] [SEVERE ] key 69 was pressed by player 1
[20:57:16.013] [SEVERE ] player 1 placing token on slot 2
[20:57:16.170] [SEVERE ] key 82 was pressed by player 1
[20:57:16.170] [SEVERE ] removing player 1 token from slot 3
[20:57:16.283] [SEVERE ] key 69 was pressed by player 1
[20:57:16.283] [SEVERE ] removing player 1 token from slot 2
[20:57:16.440] [SEVERE ] key 82 was pressed by player 1
[20:57:16.440] [SEVERE ] player 1 placing token on slot 3
[20:57:16.531] [SEVERE ] key 69 was pressed by player 1
[20:57:16.531] [SEVERE ] player 1 placing token on slot 2
[20:57:16.744] [SEVERE ] key 69 was pressed by player 1
[20:57:16.744] [SEVERE ] removing player 1 token from slot 2
[20:57:16.890] [SEVERE ] key 69 was pressed by player 1
[20:57:16.891] [SEVERE ] player 1 placing token on slot 2
[20:57:17.059] [SEVERE ] key 82 was pressed by player 1
[20:57:17.059] [SEVERE ] removing player 1 token from slot 3
[20:57:17.284] [SEVERE ] key 69 was pressed by player 1
[20:57:17.284] [SEVERE ] removing player 1 token from slot 2
[20:57:17.486] [SEVERE ] key 69 was pressed by player 1
[20:57:17.487] [SEVERE ] player 1 placing token on slot 2
[20:57:17.700] [SEVERE ] key 69 was pressed by player 1
[20:57:17.700] [SEVERE ] removing player 1 token from slot 2
[20:57:17.947] [SEVERE ] key 69 was pressed by player 1
[20:57:17.948] [SEVERE ] player 1 placing token on slot 2
[20:57:18.084] [SEVERE ] key 82 was pressed by player 1
[20:57:18.084] [SEVERE ] player 1 placing token on slot 3
[20:57:18.319] [SEVERE ] key 82 was pressed by player 1
[20:57:18.320] [SEVERE ] removing player 1 token from slot 3
[20:57:18.488] [SEVERE ] key 82 was pressed by player 1
[20:57:18.488] [SEVERE ] player 1 placing token on slot 3
[20:57:18.701] [SEVERE ] key 82 was pressed by player 1
[20:57:18.701] [SEVERE ] removing player 1 token from slot 3
[20:57:18.859] [SEVERE ] key 82 was pressed by player 1
[20:57:18.859] [SEVERE ] player 1 placing token on slot 3
[20:57:19.770] [SEVERE ] key 81 was pressed by player 1
[20:57:19.770] [SEVERE ] player 1 placing token on slot 0
[20:57:19.770] [SEVERE ] key 87 was pressed by player 1
[20:57:19.770] [SEVERE ] removing player 1 token from slot 1
[20:57:19.826] [SEVERE ] key 69 was pressed by player 1
[20:57:19.826] [SEVERE ] removing player 1 token from slot 2
[20:57:20.423] [SEVERE ] key 87 was pressed by player 1
[20:57:20.423] [SEVERE ] player 1 placing token on slot 1
[20:57:20.446] [SEVERE ] key 69 was pressed by player 1
[20:57:20.446] [SEVERE ] player 1 placing token on slot 2
[20:57:20.547] [SEVERE ] key 81 was pressed by player 1
[20:57:20.547] [SEVERE ] removing player 1 token from slot 0
[20:57:21.053] [SEVERE ] key 87 was pressed by player 1
[20:57:21.054] [SEVERE ] removing player 1 token from slot 1
[20:57:21.054] [SEVERE ] key 69 was pressed by player 1
[20:57:21.054] [SEVERE ] removing player 1 token from slot 2
[20:57:21.414] [SEVERE ] key 81 was pressed by player 1
[20:57:21.414] [SEVERE ] player 1 placing token on slot 0
[20:57:21.447] [SEVERE ] key 87 was pressed by player 1
[20:57:21.447] [SEVERE ] player 1 placing token on slot 1
[20:57:22.009] [SEVERE ] key 87 was pressed by player 1
[20:57:22.009] [SEVERE ] removing player 1 token from slot 1
[20:57:22.043] [SEVERE ] key 69 was pressed by player 1
[20:57:22.043] [SEVERE ] player 1 placing token on slot 2
[20:57:22.515] [SEVERE ] key 69 was pressed by player 1
[20:57:22.515] [SEVERE ] removing player 1 token from slot 2
[20:57:22.627] [SEVERE ] key 87 was pressed by player 1
[20:57:22.628] [SEVERE ] player 1 placing token on slot 1
[20:57:23.145] [SEVERE ] key 69 was pressed by player 1
[20:57:23.146] [SEVERE ] player 1 placing token on slot 2
[20:57:24.698] [SEVERE ] key 83 was pressed by player 1
[20:57:24.698] [SEVERE ] player 1 placing token on slot 5
[20:57:25.384] [SEVERE ] key 68 was pressed by player 1
[20:57:25.384] [SEVERE ] player 1 placing token on slot 6
[20:57:25.868] [SEVERE ] key 70 was pressed by player 1
[20:57:25.868] [SEVERE ] player 1 placing token on slot 7
[20:57:27.342] [SEVERE ] key 65 was pressed by player 1
[20:57:27.342] [SEVERE ] player 1 placing token on slot 4
[20:57:28.286] [SEVERE ] key 90 was pressed by player 1
[20:57:28.286] [SEVERE ] player 1 placing token on slot 8
[20:57:28.309] [SEVERE ] key 88 was pressed by player 1
[20:57:28.309] [SEVERE ] player 1 placing token on slot 9
[20:57:28.354] [SEVERE ] key 67 was pressed by player 1
[20:57:28.354] [SEVERE ] player 1 placing token on slot 10
[20:57:29.097] [SEVERE ] key 86 was pressed by player 1
[20:57:29.097] [SEVERE ] player 1 placing token on slot 11
[20:57:30.142] [SEVERE ] key 86 was pressed by player 1
[20:57:30.143] [SEVERE ] removing player 1 token from slot 11
[20:57:30.210] [SEVERE ] key 67 was pressed by player 1
[20:57:30.210] [SEVERE ] removing player 1 token from slot 10
[20:57:30.233] [SEVERE ] key 88 was pressed by player 1
[20:57:30.233] [SEVERE ] removing player 1 token from slot 9
[20:57:30.312] [SEVERE ] key 90 was pressed by player 1
[20:57:30.312] [SEVERE ] removing player 1 token from slot 8
[20:57:31.076] [SEVERE ] key 70 was pressed by player 1
[20:57:31.077] [SEVERE ] removing player 1 token from slot 7
[20:57:31.156] [SEVERE ] key 83 was pressed by player 1
[20:57:31.156] [SEVERE ] removing player 1 token from slot 5
[20:57:31.178] [SEVERE ] key 68 was pressed by player 1
[20:57:31.178] [SEVERE ] removing player 1 token from slot 6
[20:57:31.234] [SEVERE ] key 65 was pressed by player 1
[20:57:31.234] [SEVERE ] removing player 1 token from slot 4
[20:57:31.942] [SEVERE ] key 82 was pressed by player 1
[20:57:31.943] [SEVERE ] removing player 1 token from slot 3
[20:57:32.033] [SEVERE ] key 69 was pressed by player 1
[20:57:32.033] [SEVERE ] removing player 1 token from slot 2
[20:57:32.078] [SEVERE ] key 81 was pressed by player 1
[20:57:32.078] [SEVERE ] removing player 1 token from slot 0
[20:57:32.090] [SEVERE ] key 87 was pressed by player 1
[20:57:32.090] [SEVERE ] removing player 1 token from slot 1
[20:57:32.112] [SEVERE ] key 69 was pressed by player 1
[20:57:32.112] [SEVERE ] player 1 placing token on slot 2
[20:57:32.629] [SEVERE ] key 69 was pressed by player 1
[20:57:32.630] [SEVERE ] removing player 1 token from slot 2
[20:57:34.519] [SEVERE ] key 80 was pressed by player 2
[20:57:34.632] [SEVERE ] key 73 was pressed by player 2
[20:57:34.632] [SEVERE ] key 79 was pressed by player 2
[20:57:34.915] [SEVERE ] key 80 was pressed by player 2
[20:57:35.138] [SEVERE ] key 79 was pressed by player 2
[20:57:35.239] [SEVERE ] key 79 was pressed by player 2
[20:57:38.353] [SEVERE ] exit button pressed
[20:57:38.353] [SEVERE ] thanks for playing... it was fun!
[20:57:38.353] [INFO   ] thread main terminated.
