[12:10:24.269] [INFO   ] thread main starting.
[12:10:24.276] [SEVERE ] cannot read configuration file config.properties trying from resources.
[12:10:24.278] [SEVERE ] configuration file was loaded from resources directory.
[12:10:24.721] [INFO   ] thread dealer starting.
[12:10:24.722] [INFO   ] Thread dealer starting.
[12:10:24.723] [INFO   ] Thread Thread-0 starting.
[12:10:24.833] [SEVERE ] placing card 30 in slot 0
[12:10:24.943] [SEVERE ] placing card 75 in slot 1
[12:10:25.053] [SEVERE ] placing card 22 in slot 2
[12:10:25.164] [SEVERE ] placing card 46 in slot 3
[12:10:25.272] [SEVERE ] placing card 43 in slot 4
[12:10:25.383] [SEVERE ] placing card 41 in slot 5
[12:10:25.494] [SEVERE ] placing card 24 in slot 6
[12:10:25.602] [SEVERE ] placing card 52 in slot 7
[12:10:25.712] [SEVERE ] placing card 63 in slot 8
[12:10:25.823] [SEVERE ] placing card 50 in slot 9
[12:10:25.935] [SEVERE ] placing card 55 in slot 10
[12:10:26.046] [SEVERE ] placing card 67 in slot 11
[12:10:26.822] [SEVERE ] key 69 was pressed by player 1
[12:10:26.822] [SEVERE ] player 1 placing token on slot 2
[12:10:28.694] [SEVERE ] key 68 was pressed by player 1
[12:10:28.694] [SEVERE ] player 1 placing token on slot 6
[12:10:29.519] [SEVERE ] key 67 was pressed by player 1
[12:10:29.519] [SEVERE ] player 1 placing token on slot 10
[12:10:29.519] [SEVERE ] setting player 1 freeze to 3000
[12:10:29.519] [SEVERE ] removing player 1 token from slot 2
[12:10:29.732] [SEVERE ] removing player 1 token from slot 6
[12:10:29.951] [SEVERE ] removing player 1 token from slot 10
[12:10:30.522] [SEVERE ] setting player 1 freeze to 2000
[12:10:31.537] [SEVERE ] setting player 1 freeze to 1000
[12:10:32.546] [SEVERE ] setting player 1 freeze to 0
[12:10:33.158] [SEVERE ] key 69 was pressed by player 1
[12:10:33.519] [SEVERE ] key 82 was pressed by player 1
[12:10:35.709] [SEVERE ] exit button pressed
[12:10:35.710] [SEVERE ] thanks for playing... it was fun!
[12:10:35.710] [INFO   ] thread main terminated.
