[20:29:41.661] [INFO   ] thread main starting.
[20:29:41.667] [SEVERE ] cannot read configuration file config.properties trying from resources.
[20:29:41.669] [SEVERE ] configuration file was loaded from resources directory.
[20:29:42.231] [INFO   ] thread dealer starting.
[20:29:42.232] [INFO   ] Thread dealer starting.
[20:29:42.347] [SEVERE ] placing card 75 in slot 0
[20:29:42.458] [SEVERE ] placing card 18 in slot 1
[20:29:42.566] [SEVERE ] placing card 80 in slot 2
[20:29:42.677] [SEVERE ] placing card 27 in slot 3
[20:29:42.786] [SEVERE ] placing card 66 in slot 4
[20:29:42.896] [SEVERE ] placing card 62 in slot 5
[20:29:43.005] [SEVERE ] placing card 9 in slot 6
[20:29:43.115] [SEVERE ] placing card 57 in slot 7
[20:29:43.222] [SEVERE ] placing card 64 in slot 8
[20:29:43.331] [SEVERE ] placing card 65 in slot 9
[20:29:43.440] [SEVERE ] placing card 3 in slot 10
[20:29:43.548] [SEVERE ] placing card 30 in slot 11
[20:29:43.548] [INFO   ] Thread dealer starting.
[20:29:44.147] [SEVERE ] key 87 was pressed by player 1
[20:29:44.147] [SEVERE ] player 1 placing token on slot 1
[20:29:45.332] [SEVERE ] key 69 was pressed by player 1
[20:29:46.896] [SEVERE ] key 69 was pressed by player 1
[20:29:47.098] [SEVERE ] key 69 was pressed by player 1
[20:29:47.323] [SEVERE ] key 69 was pressed by player 1
[20:29:47.525] [SEVERE ] key 69 was pressed by player 1
[20:29:47.706] [SEVERE ] key 69 was pressed by player 1
[20:29:47.884] [SEVERE ] key 69 was pressed by player 1
[20:29:48.268] [SEVERE ] key 87 was pressed by player 1
[20:29:48.448] [SEVERE ] key 87 was pressed by player 1
[20:29:48.662] [SEVERE ] key 87 was pressed by player 1
[20:29:48.853] [SEVERE ] key 87 was pressed by player 1
[20:29:49.055] [SEVERE ] key 69 was pressed by player 1
[20:29:49.246] [SEVERE ] key 69 was pressed by player 1
