[09:32:15.688] [INFO   ] thread main starting.
[09:32:15.695] [SEVERE ] cannot read configuration file config.properties trying from resources.
[09:32:15.697] [SEVERE ] configuration file was loaded from resources directory.
[09:32:16.122] [INFO   ] thread dealer starting.
[09:32:16.123] [INFO   ] Thread dealer starting.
[09:32:16.234] [SEVERE ] placing card 54 in slot 0
[09:32:16.345] [SEVERE ] placing card 2 in slot 1
[09:32:16.456] [SEVERE ] placing card 50 in slot 2
[09:32:16.566] [SEVERE ] placing card 55 in slot 3
[09:32:16.677] [SEVERE ] placing card 64 in slot 4
[09:32:16.789] [SEVERE ] placing card 74 in slot 5
[09:32:16.899] [SEVERE ] placing card 17 in slot 6
[09:32:17.010] [SEVERE ] placing card 36 in slot 7
[09:32:17.121] [SEVERE ] placing card 76 in slot 8
[09:32:17.231] [SEVERE ] placing card 48 in slot 9
[09:32:17.343] [SEVERE ] placing card 69 in slot 10
[09:32:17.454] [SEVERE ] placing card 27 in slot 11
[09:32:17.454] [INFO   ] Thread Thread-0 starting.
[09:32:17.454] [INFO   ] Thread Thread-1 starting.
[09:32:21.044] [SEVERE ] key 90 was pressed by player 1
[09:32:21.044] [SEVERE ] player 1 placing token on slot 8
[09:32:24.204] [SEVERE ] key 90 was pressed by player 1
[09:32:24.204] [SEVERE ] removing player 1 token from slot 8
[09:32:29.811] [SEVERE ] key 81 was pressed by player 1
[09:32:29.812] [SEVERE ] player 1 placing token on slot 0
[09:32:30.354] [SEVERE ] key 65 was pressed by player 1
[09:32:30.355] [SEVERE ] player 1 placing token on slot 4
[09:32:30.776] [SEVERE ] key 83 was pressed by player 1
[09:32:30.776] [SEVERE ] player 1 placing token on slot 5
[09:32:30.776] [SEVERE ] setting player 1 freeze to 1000
[09:32:31.778] [SEVERE ] setting player 1 freeze to 0
[09:32:31.779] [SEVERE ] setting player 1 score to 1
[09:33:08.805] [SEVERE ] exit button pressed
[09:33:08.806] [SEVERE ] thanks for playing... it was fun!
[09:33:08.806] [INFO   ] thread main terminated.
