[12:41:09.706] [INFO   ] thread main starting.
[12:41:09.712] [SEVERE ] cannot read configuration file config.properties trying from resources.
[12:41:09.713] [SEVERE ] configuration file was loaded from resources directory.
[12:41:10.119] [INFO   ] thread dealer starting.
[12:41:10.119] [INFO   ] Thread dealer starting.
[12:41:10.120] [INFO   ] Thread Thread-0 starting.
[12:41:10.120] [INFO   ] Thread Thread-1 starting.
[12:41:10.228] [SEVERE ] placing card 23 in slot 0
[12:41:10.338] [SEVERE ] placing card 47 in slot 1
[12:41:10.448] [SEVERE ] placing card 79 in slot 2
[12:41:10.557] [SEVERE ] placing card 43 in slot 3
[12:41:10.668] [SEVERE ] placing card 52 in slot 4
[12:41:10.779] [SEVERE ] placing card 51 in slot 5
[12:41:10.890] [SEVERE ] placing card 20 in slot 6
[12:41:11.001] [SEVERE ] placing card 45 in slot 7
[12:41:11.112] [SEVERE ] placing card 36 in slot 8
[12:41:11.223] [SEVERE ] placing card 54 in slot 9
[12:41:11.335] [SEVERE ] placing card 50 in slot 10
[12:41:11.446] [SEVERE ] placing card 29 in slot 11
[12:41:35.121] [SEVERE ] key 81 was pressed by player 1
[12:41:35.121] [SEVERE ] player 1 placing token on slot 0
[12:41:35.527] [SEVERE ] key 82 was pressed by player 1
[12:41:35.527] [SEVERE ] player 1 placing token on slot 3
[12:41:36.695] [SEVERE ] key 88 was pressed by player 1
[12:41:36.695] [SEVERE ] player 1 placing token on slot 9
[12:41:36.696] [SEVERE ] setting player 1 freeze to 1000
[12:41:36.808] [SEVERE ] removing card from slot 0
[12:41:36.808] [SEVERE ] removing player 1 token from slot 0
[12:41:37.028] [SEVERE ] removing card from slot 3
[12:41:37.028] [SEVERE ] removing player 1 token from slot 3
[12:41:37.250] [SEVERE ] removing card from slot 9
[12:41:37.250] [SEVERE ] removing player 1 token from slot 9
[12:41:37.711] [SEVERE ] setting player 1 freeze to 0
[12:41:37.712] [SEVERE ] setting player 1 score to 1
[12:41:43.159] [SEVERE ] exit button pressed
[12:41:43.160] [SEVERE ] thanks for playing... it was fun!
[12:41:43.160] [INFO   ] thread main terminated.
