[12:23:06.959] [INFO   ] thread main starting.
[12:23:06.964] [SEVERE ] cannot read configuration file config.properties trying from resources.
[12:23:06.966] [SEVERE ] configuration file was loaded from resources directory.
[12:23:07.376] [INFO   ] thread dealer starting.
[12:23:07.377] [INFO   ] Thread dealer starting.
[12:23:07.377] [INFO   ] Thread Thread-0 starting.
[12:23:07.377] [INFO   ] Thread Thread-1 starting.
[12:23:07.490] [SEVERE ] placing card 14 in slot 0
[12:23:07.601] [SEVERE ] placing card 76 in slot 1
[12:23:07.712] [SEVERE ] placing card 28 in slot 2
[12:23:07.822] [SEVERE ] placing card 59 in slot 3
[12:23:07.933] [SEVERE ] placing card 30 in slot 4
[12:23:08.044] [SEVERE ] placing card 8 in slot 5
[12:23:08.155] [SEVERE ] placing card 50 in slot 6
[12:23:08.266] [SEVERE ] placing card 17 in slot 7
[12:23:08.376] [SEVERE ] placing card 64 in slot 8
[12:23:08.484] [SEVERE ] placing card 42 in slot 9
[12:23:08.593] [SEVERE ] placing card 10 in slot 10
[12:23:08.704] [SEVERE ] placing card 49 in slot 11
[12:23:24.752] [SEVERE ] exit button pressed
[12:23:24.752] [SEVERE ] thanks for playing... it was fun!
[12:23:24.752] [INFO   ] thread main terminated.
