[12:31:52.569] [INFO   ] thread main starting.
[12:31:52.575] [SEVERE ] cannot read configuration file config.properties trying from resources.
[12:31:52.577] [SEVERE ] configuration file was loaded from resources directory.
[12:31:52.997] [INFO   ] thread dealer starting.
[12:31:52.998] [INFO   ] Thread dealer starting.
[12:31:52.998] [INFO   ] Thread Thread-0 starting.
[12:31:52.999] [INFO   ] Thread Thread-1 starting.
[12:31:53.116] [SEVERE ] placing card 22 in slot 0
[12:31:53.227] [SEVERE ] placing card 34 in slot 1
[12:31:53.337] [SEVERE ] placing card 52 in slot 2
[12:31:53.446] [SEVERE ] placing card 33 in slot 3
[12:31:53.569] [SEVERE ] placing card 8 in slot 4
[12:31:53.680] [SEVERE ] placing card 26 in slot 5
[12:31:53.791] [SEVERE ] placing card 78 in slot 6
[12:31:53.902] [SEVERE ] placing card 67 in slot 7
[12:31:54.014] [SEVERE ] placing card 57 in slot 8
[12:31:54.126] [SEVERE ] placing card 61 in slot 9
[12:31:54.235] [SEVERE ] placing card 43 in slot 10
[12:31:54.346] [SEVERE ] placing card 1 in slot 11
[12:32:11.380] [SEVERE ] exit button pressed
[12:32:11.380] [SEVERE ] thanks for playing... it was fun!
[12:32:11.380] [INFO   ] thread main terminated.
