[17:54:16.356] [INFO   ] thread main starting.
[17:54:16.363] [SEVERE ] cannot read configuration file config.properties trying from resources.
[17:54:16.365] [SEVERE ] configuration file was loaded from resources directory.
[17:54:16.961] [INFO   ] thread dealer starting.
[17:54:16.962] [INFO   ] Thread dealer starting.
[17:54:17.084] [SEVERE ] placing card 78 in slot 0
[17:54:17.191] [SEVERE ] placing card 37 in slot 1
[17:54:17.300] [SEVERE ] placing card 58 in slot 2
[17:54:17.412] [SEVERE ] placing card 13 in slot 3
[17:54:17.522] [SEVERE ] placing card 71 in slot 4
[17:54:17.631] [SEVERE ] placing card 76 in slot 5
[17:54:17.740] [SEVERE ] placing card 19 in slot 6
[17:54:17.849] [SEVERE ] placing card 28 in slot 7
[17:54:17.959] [SEVERE ] placing card 70 in slot 8
[17:54:18.068] [SEVERE ] placing card 46 in slot 9
[17:54:18.178] [SEVERE ] placing card 51 in slot 10
[17:54:18.287] [SEVERE ] placing card 16 in slot 11
[17:54:25.071] [SEVERE ] key 88 was pressed by player 1
[17:54:25.071] [SEVERE ] player 1 placing token on slot 9
[17:54:27.208] [SEVERE ] key 77 was pressed by player 2
[17:54:27.208] [SEVERE ] player 2 placing token on slot 8
[17:54:30.802] [SEVERE ] key 44 was pressed by player 2
[17:54:30.803] [SEVERE ] player 2 placing token on slot 9
[17:54:31.764] [SEVERE ] key 44 was pressed by player 2
[17:54:31.764] [SEVERE ] player 2 placing token on slot 9
[17:54:32.181] [SEVERE ] key 44 was pressed by player 2
[17:54:32.181] [SEVERE ] player 2 placing token on slot 9
[17:54:32.484] [SEVERE ] key 44 was pressed by player 2
[17:54:32.484] [SEVERE ] player 2 placing token on slot 9
[17:54:32.754] [SEVERE ] key 44 was pressed by player 2
[17:54:32.754] [SEVERE ] player 2 placing token on slot 9
[17:54:33.024] [SEVERE ] key 44 was pressed by player 2
[17:54:33.024] [SEVERE ] player 2 placing token on slot 9
[17:54:33.507] [SEVERE ] key 44 was pressed by player 2
[17:54:33.507] [SEVERE ] player 2 placing token on slot 9
[17:54:33.891] [SEVERE ] key 44 was pressed by player 2
[17:54:33.891] [SEVERE ] player 2 placing token on slot 9
[17:54:34.767] [SEVERE ] key 44 was pressed by player 2
[17:54:34.768] [SEVERE ] player 2 placing token on slot 9
[17:54:34.970] [SEVERE ] key 44 was pressed by player 2
[17:54:34.971] [SEVERE ] player 2 placing token on slot 9
[17:54:35.206] [SEVERE ] key 44 was pressed by player 2
[17:54:35.207] [SEVERE ] player 2 placing token on slot 9
[17:54:40.798] [SEVERE ] key 90 was pressed by player 1
[17:54:40.798] [SEVERE ] player 1 placing token on slot 8
[17:54:41.777] [SEVERE ] key 88 was pressed by player 1
[17:54:41.777] [SEVERE ] player 1 placing token on slot 9
[17:54:42.148] [SEVERE ] key 67 was pressed by player 1
[17:54:42.148] [SEVERE ] player 1 placing token on slot 10
[17:54:43.228] [SEVERE ] key 44 was pressed by player 2
[17:54:43.229] [SEVERE ] player 2 placing token on slot 9
[17:54:43.632] [SEVERE ] key 46 was pressed by player 2
[17:54:43.632] [SEVERE ] player 2 placing token on slot 10
[17:54:44.939] [SEVERE ] key 83 was pressed by player 1
[17:54:44.940] [SEVERE ] player 1 placing token on slot 5
[17:54:45.377] [SEVERE ] key 65 was pressed by player 1
[17:54:45.377] [SEVERE ] player 1 placing token on slot 4
[17:54:45.759] [SEVERE ] key 68 was pressed by player 1
[17:54:45.759] [SEVERE ] player 1 placing token on slot 6
[17:54:46.209] [SEVERE ] key 87 was pressed by player 1
[17:54:46.209] [SEVERE ] player 1 placing token on slot 1
[17:54:46.603] [SEVERE ] key 69 was pressed by player 1
[17:54:46.603] [SEVERE ] player 1 placing token on slot 2
[17:54:46.940] [SEVERE ] key 81 was pressed by player 1
[17:54:46.941] [SEVERE ] player 1 placing token on slot 0
