[12:23:27.570] [INFO   ] thread main starting.
[12:23:27.574] [SEVERE ] cannot read configuration file config.properties trying from resources.
[12:23:27.576] [SEVERE ] configuration file was loaded from resources directory.
[12:23:27.971] [INFO   ] thread dealer starting.
[12:23:27.972] [INFO   ] Thread dealer starting.
[12:23:27.972] [INFO   ] Thread Thread-1 starting.
[12:23:27.972] [INFO   ] Thread Thread-0 starting.
[12:23:28.084] [SEVERE ] placing card 43 in slot 0
[12:23:28.195] [SEVERE ] placing card 42 in slot 1
[12:23:28.305] [SEVERE ] placing card 35 in slot 2
[12:23:28.416] [SEVERE ] placing card 68 in slot 3
[12:23:28.527] [SEVERE ] placing card 9 in slot 4
[12:23:28.635] [SEVERE ] placing card 27 in slot 5
[12:23:28.746] [SEVERE ] placing card 11 in slot 6
[12:23:28.856] [SEVERE ] placing card 73 in slot 7
[12:23:28.966] [SEVERE ] placing card 20 in slot 8
[12:23:29.078] [SEVERE ] placing card 28 in slot 9
[12:23:29.189] [SEVERE ] placing card 10 in slot 10
[12:23:29.300] [SEVERE ] placing card 54 in slot 11
[12:23:54.351] [SEVERE ] key 70 was pressed by player 1
[12:23:54.351] [SEVERE ] player 1 placing token on slot 7
[12:23:56.490] [SEVERE ] key 67 was pressed by player 1
[12:23:56.490] [SEVERE ] player 1 placing token on slot 10
[12:24:00.988] [SEVERE ] key 88 was pressed by player 1
[12:24:00.988] [SEVERE ] player 1 placing token on slot 9
[12:24:00.989] [SEVERE ] setting player 1 freeze to 1000
[12:24:00.989] [SEVERE ] removing player 1 token from slot 7
[12:24:01.209] [INFO   ] thread dealer terminated.
[12:24:01.997] [SEVERE ] setting player 1 freeze to 0
[12:24:01.997] [SEVERE ] setting player 1 score to 1
[12:24:03.749] [SEVERE ] exit button pressed
[12:24:03.749] [SEVERE ] thanks for playing... it was fun!
[12:24:03.749] [INFO   ] thread main terminated.
