[20:23:51.720] [INFO   ] thread main starting.
[20:23:51.726] [SEVERE ] cannot read configuration file config.properties trying from resources.
[20:23:51.728] [SEVERE ] configuration file was loaded from resources directory.
[20:23:52.196] [INFO   ] thread dealer starting.
[20:23:52.197] [INFO   ] Thread dealer starting.
[20:23:52.308] [SEVERE ] placing card 70 in slot 0
[20:23:52.418] [SEVERE ] placing card 65 in slot 1
[20:23:52.528] [SEVERE ] placing card 33 in slot 2
[20:23:52.635] [SEVERE ] placing card 72 in slot 3
[20:23:52.745] [SEVERE ] placing card 4 in slot 4
[20:23:52.854] [SEVERE ] placing card 35 in slot 5
[20:23:52.964] [SEVERE ] placing card 37 in slot 6
[20:23:53.073] [SEVERE ] placing card 28 in slot 7
[20:23:53.182] [SEVERE ] placing card 49 in slot 8
[20:23:53.291] [SEVERE ] placing card 13 in slot 9
[20:23:53.401] [SEVERE ] placing card 55 in slot 10
[20:23:53.510] [SEVERE ] placing card 25 in slot 11
[20:23:53.631] [SEVERE ] key 81 was pressed by player 1
[20:23:55.132] [SEVERE ] key 87 was pressed by player 1
[20:23:55.593] [SEVERE ] key 69 was pressed by player 1
[20:23:55.953] [SEVERE ] key 87 was pressed by player 1
[20:23:56.225] [SEVERE ] key 81 was pressed by player 1
[20:23:56.494] [SEVERE ] key 87 was pressed by player 1
[20:23:57.067] [SEVERE ] key 69 was pressed by player 1
