[19:52:11.099] [INFO   ] thread main starting.
[19:52:11.107] [SEVERE ] cannot read configuration file config.properties trying from resources.
[19:52:11.109] [SEVERE ] configuration file was loaded from resources directory.
[19:52:11.740] [INFO   ] thread dealer starting.
[19:52:11.742] [INFO   ] Thread dealer starting.
[19:52:11.857] [SEVERE ] placing card 52 in slot 0
[19:52:11.967] [SEVERE ] placing card 53 in slot 1
[19:52:12.075] [SEVERE ] placing card 47 in slot 2
[19:52:12.184] [SEVERE ] placing card 39 in slot 3
[19:52:12.293] [SEVERE ] placing card 65 in slot 4
[19:52:12.403] [SEVERE ] placing card 8 in slot 5
[19:52:12.514] [SEVERE ] placing card 77 in slot 6
[19:52:12.623] [SEVERE ] placing card 78 in slot 7
[19:52:12.732] [SEVERE ] placing card 37 in slot 8
[19:52:12.841] [SEVERE ] placing card 38 in slot 9
[19:52:12.950] [SEVERE ] placing card 13 in slot 10
[19:52:13.059] [SEVERE ] placing card 16 in slot 11
[19:52:13.702] [SEVERE ] key 81 was pressed by player 1
[19:52:13.702] [SEVERE ] player 1 placing token on slot 0
[19:52:13.783] [SEVERE ] key 87 was pressed by player 1
[19:52:13.784] [SEVERE ] player 1 placing token on slot 1
[19:52:13.896] [SEVERE ] key 69 was pressed by player 1
[19:52:13.896] [SEVERE ] player 1 placing token on slot 2
