[12:32:36.167] [INFO   ] thread main starting.
[12:32:36.173] [SEVERE ] cannot read configuration file config.properties trying from resources.
[12:32:36.175] [SEVERE ] configuration file was loaded from resources directory.
[12:32:36.621] [INFO   ] thread dealer starting.
[12:32:36.621] [INFO   ] Thread dealer starting.
[12:32:36.622] [INFO   ] Thread Thread-0 starting.
[12:32:36.622] [INFO   ] Thread Thread-1 starting.
[12:32:36.740] [SEVERE ] placing card 75 in slot 0
[12:32:36.850] [SEVERE ] placing card 55 in slot 1
[12:32:36.963] [SEVERE ] placing card 66 in slot 2
[12:32:37.074] [SEVERE ] placing card 20 in slot 3
[12:32:37.185] [SEVERE ] placing card 23 in slot 4
[12:32:37.296] [SEVERE ] placing card 79 in slot 5
[12:32:37.407] [SEVERE ] placing card 80 in slot 6
[12:32:37.519] [SEVERE ] placing card 72 in slot 7
[12:32:37.630] [SEVERE ] placing card 3 in slot 8
[12:32:37.741] [SEVERE ] placing card 51 in slot 9
[12:32:37.852] [SEVERE ] placing card 67 in slot 10
[12:32:37.963] [SEVERE ] placing card 15 in slot 11
[12:33:03.725] [SEVERE ] exit button pressed
[12:33:03.725] [SEVERE ] thanks for playing... it was fun!
[12:33:03.726] [INFO   ] thread main terminated.
