[20:32:27.254] [INFO   ] thread main starting.
[20:32:27.259] [SEVERE ] cannot read configuration file config.properties trying from resources.
[20:32:27.261] [SEVERE ] configuration file was loaded from resources directory.
[20:32:27.748] [INFO   ] thread dealer starting.
[20:32:27.749] [INFO   ] Thread dealer starting.
[20:32:27.857] [SEVERE ] placing card 47 in slot 0
[20:32:27.968] [SEVERE ] placing card 36 in slot 1
[20:32:28.077] [SEVERE ] placing card 68 in slot 2
[20:32:28.186] [SEVERE ] placing card 76 in slot 3
[20:32:28.295] [SEVERE ] placing card 75 in slot 4
[20:32:28.403] [SEVERE ] placing card 19 in slot 5
[20:32:28.515] [SEVERE ] placing card 57 in slot 6
[20:32:28.624] [SEVERE ] placing card 46 in slot 7
[20:32:28.734] [SEVERE ] placing card 74 in slot 8
[20:32:28.843] [SEVERE ] placing card 63 in slot 9
[20:32:28.951] [SEVERE ] placing card 6 in slot 10
[20:32:29.059] [SEVERE ] placing card 50 in slot 11
[20:32:29.059] [INFO   ] Thread dealer starting.
[20:32:29.614] [SEVERE ] key 73 was pressed by player 2
[20:32:30.519] [SEVERE ] key 73 was pressed by player 2
[20:32:30.676] [SEVERE ] key 73 was pressed by player 2
[20:32:30.823] [SEVERE ] key 73 was pressed by player 2
[20:32:30.959] [SEVERE ] key 73 was pressed by player 2
[20:32:31.386] [SEVERE ] key 73 was pressed by player 2
[20:32:31.531] [SEVERE ] key 73 was pressed by player 2
[20:32:31.679] [SEVERE ] key 73 was pressed by player 2
[20:32:31.801] [SEVERE ] key 73 was pressed by player 2
[20:32:31.926] [SEVERE ] key 73 was pressed by player 2
[20:32:32.106] [SEVERE ] key 87 was pressed by player 1
[20:32:32.106] [SEVERE ] player 1 placing token on slot 1
[20:32:32.724] [SEVERE ] key 69 was pressed by player 1
[20:32:32.724] [SEVERE ] player 1 placing token on slot 2
[20:32:32.927] [SEVERE ] key 69 was pressed by player 1
[20:32:32.927] [SEVERE ] removing player 1 token from slot 2
[20:32:33.365] [SEVERE ] key 69 was pressed by player 1
[20:32:33.365] [SEVERE ] player 1 placing token on slot 2
[20:32:33.624] [SEVERE ] key 69 was pressed by player 1
[20:32:33.625] [SEVERE ] removing player 1 token from slot 2
[20:32:33.894] [SEVERE ] key 87 was pressed by player 1
[20:32:33.894] [SEVERE ] removing player 1 token from slot 1
[20:32:34.085] [SEVERE ] key 87 was pressed by player 1
[20:32:34.085] [SEVERE ] player 1 placing token on slot 1
[20:32:34.367] [SEVERE ] key 87 was pressed by player 1
[20:32:34.367] [SEVERE ] removing player 1 token from slot 1
[20:32:34.547] [SEVERE ] key 87 was pressed by player 1
[20:32:34.548] [SEVERE ] player 1 placing token on slot 1
[20:32:34.761] [SEVERE ] key 69 was pressed by player 1
[20:32:34.761] [SEVERE ] player 1 placing token on slot 2
[20:32:34.940] [SEVERE ] key 69 was pressed by player 1
[20:32:34.941] [SEVERE ] removing player 1 token from slot 2
[20:32:35.120] [SEVERE ] key 69 was pressed by player 1
[20:32:35.120] [SEVERE ] player 1 placing token on slot 2
[20:32:35.334] [SEVERE ] key 87 was pressed by player 1
[20:32:35.336] [SEVERE ] removing player 1 token from slot 1
[20:32:35.503] [SEVERE ] key 87 was pressed by player 1
[20:32:35.503] [SEVERE ] player 1 placing token on slot 1
[20:32:35.829] [SEVERE ] key 69 was pressed by player 1
[20:32:35.829] [SEVERE ] removing player 1 token from slot 2
[20:32:36.133] [SEVERE ] key 87 was pressed by player 1
[20:32:36.135] [SEVERE ] removing player 1 token from slot 1
[20:32:36.808] [SEVERE ] key 73 was pressed by player 2
[20:32:36.954] [SEVERE ] key 73 was pressed by player 2
[20:32:37.100] [SEVERE ] key 73 was pressed by player 2
[20:32:37.246] [SEVERE ] key 73 was pressed by player 2
[20:32:37.371] [SEVERE ] key 73 was pressed by player 2
