[12:17:09.036] [INFO   ] thread main starting.
[12:17:09.041] [SEVERE ] cannot read configuration file config.properties trying from resources.
[12:17:09.042] [SEVERE ] configuration file was loaded from resources directory.
[12:17:09.453] [INFO   ] thread dealer starting.
[12:17:09.454] [INFO   ] Thread dealer starting.
[12:17:09.454] [INFO   ] Thread Thread-0 starting.
[12:17:09.454] [INFO   ] Thread Thread-1 starting.
[12:17:09.562] [SEVERE ] placing card 22 in slot 0
[12:17:09.673] [SEVERE ] placing card 2 in slot 1
[12:17:09.783] [SEVERE ] placing card 15 in slot 2
[12:17:09.894] [SEVERE ] placing card 12 in slot 3
[12:17:10.006] [SEVERE ] placing card 73 in slot 4
[12:17:10.115] [SEVERE ] placing card 51 in slot 5
[12:17:10.226] [SEVERE ] placing card 62 in slot 6
[12:17:10.339] [SEVERE ] placing card 9 in slot 7
[12:17:10.450] [SEVERE ] placing card 6 in slot 8
[12:17:10.561] [SEVERE ] placing card 47 in slot 9
[12:17:10.672] [SEVERE ] placing card 30 in slot 10
[12:17:10.781] [SEVERE ] placing card 40 in slot 11
[12:17:52.594] [SEVERE ] key 81 was pressed by player 1
[12:17:52.594] [SEVERE ] player 1 placing token on slot 0
[12:17:52.699] [SEVERE ] key 87 was pressed by player 1
[12:17:52.700] [SEVERE ] player 1 placing token on slot 1
[12:17:52.839] [SEVERE ] key 69 was pressed by player 1
[12:17:52.839] [SEVERE ] player 1 placing token on slot 2
[12:17:52.840] [SEVERE ] setting player 1 freeze to 1000
[12:17:52.840] [SEVERE ] removing player 1 token from slot 0
[12:17:53.053] [INFO   ] thread dealer terminated.
[12:17:53.855] [SEVERE ] setting player 1 freeze to 0
[12:17:53.855] [SEVERE ] setting player 1 score to 1
[12:17:55.638] [SEVERE ] key 69 was pressed by player 1
[12:17:55.638] [SEVERE ] removing player 1 token from slot 2
[12:17:56.142] [SEVERE ] key 69 was pressed by player 1
[12:17:56.142] [SEVERE ] player 1 placing token on slot 2
[12:17:56.143] [SEVERE ] setting player 1 freeze to 3000
[12:17:57.153] [SEVERE ] setting player 1 freeze to 2000
[12:17:58.054] [SEVERE ] disposing of user interface elements
[12:17:58.063] [SEVERE ] thanks for playing... it was fun!
[12:17:58.064] [INFO   ] thread main terminated.
