[20:31:39.248] [INFO   ] thread main starting.
[20:31:39.254] [SEVERE ] cannot read configuration file config.properties trying from resources.
[20:31:39.257] [SEVERE ] configuration file was loaded from resources directory.
[20:31:39.829] [INFO   ] thread dealer starting.
[20:31:39.829] [INFO   ] Thread dealer starting.
[20:31:39.950] [SEVERE ] placing card 11 in slot 0
[20:31:40.061] [SEVERE ] placing card 70 in slot 1
[20:31:40.171] [SEVERE ] placing card 62 in slot 2
[20:31:40.280] [SEVERE ] placing card 51 in slot 3
[20:31:40.388] [SEVERE ] placing card 78 in slot 4
[20:31:40.495] [SEVERE ] placing card 1 in slot 5
[20:31:40.607] [SEVERE ] placing card 54 in slot 6
[20:31:40.718] [SEVERE ] placing card 69 in slot 7
[20:31:40.827] [SEVERE ] placing card 19 in slot 8
[20:31:40.937] [SEVERE ] placing card 27 in slot 9
[20:31:41.046] [SEVERE ] placing card 49 in slot 10
[20:31:41.156] [SEVERE ] placing card 38 in slot 11
[20:31:41.156] [INFO   ] Thread dealer starting.
[20:31:41.578] [SEVERE ] key 87 was pressed by player 1
[20:31:41.578] [SEVERE ] player 1 placing token on slot 1
[20:31:43.223] [SEVERE ] key 79 was pressed by player 2
[20:31:44.168] [SEVERE ] key 79 was pressed by player 2
[20:31:44.528] [SEVERE ] key 73 was pressed by player 2
[20:31:44.686] [SEVERE ] key 73 was pressed by player 2
[20:31:45.023] [SEVERE ] key 73 was pressed by player 2
[20:31:45.620] [SEVERE ] key 81 was pressed by player 1
[20:31:45.800] [SEVERE ] key 81 was pressed by player 1
