[09:48:02.757] [INFO   ] thread main starting.
[09:48:02.763] [SEVERE ] cannot read configuration file config.properties trying from resources.
[09:48:02.766] [SEVERE ] configuration file was loaded from resources directory.
[09:48:03.205] [INFO   ] thread dealer starting.
[09:48:03.206] [INFO   ] Thread dealer starting.
[09:48:03.207] [INFO   ] Thread Thread-0 starting.
[09:48:03.320] [SEVERE ] placing card 7 in slot 0
[09:48:03.429] [SEVERE ] placing card 72 in slot 1
[09:48:03.541] [SEVERE ] placing card 62 in slot 2
[09:48:03.650] [SEVERE ] placing card 1 in slot 3
[09:48:03.760] [SEVERE ] placing card 26 in slot 4
[09:48:03.869] [SEVERE ] placing card 61 in slot 5
[09:48:03.978] [SEVERE ] placing card 25 in slot 6
[09:48:04.086] [SEVERE ] placing card 19 in slot 7
[09:48:04.196] [SEVERE ] placing card 71 in slot 8
[09:48:04.306] [SEVERE ] placing card 47 in slot 9
[09:48:04.415] [SEVERE ] placing card 38 in slot 10
[09:48:04.526] [SEVERE ] placing card 68 in slot 11
[09:48:04.593] [SEVERE ] key 69 was pressed by player 1
[09:48:04.593] [SEVERE ] player 1 placing token on slot 2
[09:48:04.970] [SEVERE ] key 69 was pressed by player 1
[09:48:04.970] [SEVERE ] removing player 1 token from slot 2
[09:48:05.217] [SEVERE ] key 82 was pressed by player 1
[09:48:05.217] [SEVERE ] player 1 placing token on slot 3
[09:48:05.640] [SEVERE ] key 82 was pressed by player 1
[09:48:05.640] [SEVERE ] removing player 1 token from slot 3
[09:48:06.059] [SEVERE ] key 82 was pressed by player 1
[09:48:06.059] [SEVERE ] player 1 placing token on slot 3
[09:48:06.375] [SEVERE ] key 82 was pressed by player 1
[09:48:06.375] [SEVERE ] removing player 1 token from slot 3
[09:48:07.272] [SEVERE ] key 81 was pressed by player 1
[09:48:07.272] [SEVERE ] player 1 placing token on slot 0
[09:48:07.551] [SEVERE ] key 81 was pressed by player 1
[09:48:07.552] [SEVERE ] removing player 1 token from slot 0
[09:48:08.163] [SEVERE ] key 87 was pressed by player 1
[09:48:08.163] [SEVERE ] player 1 placing token on slot 1
[09:48:08.181] [SEVERE ] key 81 was pressed by player 1
[09:48:08.181] [SEVERE ] player 1 placing token on slot 0
[09:48:08.322] [SEVERE ] key 69 was pressed by player 1
[09:48:08.322] [SEVERE ] player 1 placing token on slot 2
[09:48:08.322] [SEVERE ] setting player 1 freeze to 3000
[09:48:09.330] [SEVERE ] setting player 1 freeze to 2000
[09:48:10.341] [SEVERE ] setting player 1 freeze to 1000
[09:48:11.355] [SEVERE ] setting player 1 freeze to 0
[09:48:13.089] [SEVERE ] key 65 was pressed by player 1
[09:48:13.150] [SEVERE ] key 83 was pressed by player 1
[09:48:13.346] [SEVERE ] key 68 was pressed by player 1
[09:48:13.831] [SEVERE ] key 68 was pressed by player 1
[09:48:14.127] [SEVERE ] key 83 was pressed by player 1
[09:48:14.399] [SEVERE ] key 83 was pressed by player 1
[09:48:14.680] [SEVERE ] key 81 was pressed by player 1
[09:48:14.680] [SEVERE ] removing player 1 token from slot 0
[09:48:15.077] [SEVERE ] key 87 was pressed by player 1
[09:48:15.077] [SEVERE ] removing player 1 token from slot 1
[09:48:15.369] [SEVERE ] key 69 was pressed by player 1
[09:48:15.369] [SEVERE ] removing player 1 token from slot 2
[09:48:25.759] [SEVERE ] key 75 was pressed by player 2
[09:48:27.071] [SEVERE ] key 74 was pressed by player 2
[09:48:28.128] [SEVERE ] key 74 was pressed by player 2
[09:48:28.204] [SEVERE ] key 85 was pressed by player 2
[09:48:28.255] [SEVERE ] key 79 was pressed by player 2
[09:48:28.341] [SEVERE ] key 73 was pressed by player 2
[09:48:28.828] [SEVERE ] key 68 was pressed by player 1
[09:48:28.829] [SEVERE ] player 1 placing token on slot 6
[09:48:28.885] [SEVERE ] key 83 was pressed by player 1
[09:48:28.885] [SEVERE ] player 1 placing token on slot 5
[09:48:28.954] [SEVERE ] key 69 was pressed by player 1
[09:48:28.954] [SEVERE ] player 1 placing token on slot 2
[09:48:28.955] [SEVERE ] setting player 1 freeze to 3000
[09:48:29.025] [SEVERE ] key 82 was pressed by player 1
[09:48:29.960] [SEVERE ] setting player 1 freeze to 2000
[09:48:29.977] [SEVERE ] key 83 was pressed by player 1
[09:48:29.993] [SEVERE ] key 65 was pressed by player 1
[09:48:30.107] [SEVERE ] key 68 was pressed by player 1
[09:48:30.350] [SEVERE ] key 83 was pressed by player 1
[09:48:30.374] [SEVERE ] key 65 was pressed by player 1
[09:48:30.475] [SEVERE ] key 68 was pressed by player 1
[09:48:30.730] [SEVERE ] key 65 was pressed by player 1
[09:48:30.736] [SEVERE ] key 83 was pressed by player 1
[09:48:30.970] [SEVERE ] setting player 1 freeze to 1000
[09:48:31.985] [SEVERE ] setting player 1 freeze to 0
[09:48:33.175] [SEVERE ] key 76 was pressed by player 2
[09:48:33.364] [SEVERE ] key 76 was pressed by player 2
[09:48:33.526] [SEVERE ] key 76 was pressed by player 2
[09:48:33.691] [SEVERE ] key 76 was pressed by player 2
[09:48:33.858] [SEVERE ] key 76 was pressed by player 2
[09:48:34.152] [SEVERE ] key 65 was pressed by player 1
[09:48:34.269] [SEVERE ] key 83 was pressed by player 1
[09:48:34.270] [SEVERE ] removing player 1 token from slot 5
[09:48:34.420] [SEVERE ] key 68 was pressed by player 1
[09:48:34.420] [SEVERE ] removing player 1 token from slot 6
[09:48:34.899] [SEVERE ] key 69 was pressed by player 1
[09:48:34.899] [SEVERE ] removing player 1 token from slot 2
[09:48:37.718] [SEVERE ] key 65 was pressed by player 1
[09:48:37.719] [SEVERE ] player 1 placing token on slot 4
[09:48:37.728] [SEVERE ] key 83 was pressed by player 1
[09:48:37.729] [SEVERE ] player 1 placing token on slot 5
[09:48:37.820] [SEVERE ] key 68 was pressed by player 1
[09:48:37.820] [SEVERE ] player 1 placing token on slot 6
[09:48:37.820] [SEVERE ] setting player 1 freeze to 3000
[09:48:38.041] [SEVERE ] key 69 was pressed by player 1
[09:48:38.833] [SEVERE ] setting player 1 freeze to 2000
[09:48:39.848] [SEVERE ] setting player 1 freeze to 1000
[09:48:40.860] [SEVERE ] setting player 1 freeze to 0
[09:48:41.167] [SEVERE ] key 65 was pressed by player 1
[09:48:41.167] [SEVERE ] removing player 1 token from slot 4
[09:48:41.193] [SEVERE ] key 83 was pressed by player 1
[09:48:41.193] [SEVERE ] removing player 1 token from slot 5
[09:48:41.279] [SEVERE ] key 68 was pressed by player 1
[09:48:41.279] [SEVERE ] removing player 1 token from slot 6
[09:48:50.541] [SEVERE ] key 87 was pressed by player 1
[09:48:50.541] [SEVERE ] player 1 placing token on slot 1
[09:48:58.417] [SEVERE ] key 82 was pressed by player 1
[09:48:58.417] [SEVERE ] player 1 placing token on slot 3
[09:48:59.687] [SEVERE ] key 67 was pressed by player 1
[09:48:59.687] [SEVERE ] player 1 placing token on slot 10
[09:48:59.687] [SEVERE ] setting player 1 freeze to 1000
[09:49:00.698] [SEVERE ] setting player 1 freeze to 0
[09:49:00.698] [SEVERE ] setting player 1 score to 1
[09:49:02.953] [SEVERE ] key 67 was pressed by player 1
[09:49:02.953] [SEVERE ] removing player 1 token from slot 10
[09:49:03.456] [SEVERE ] key 82 was pressed by player 1
[09:49:03.457] [SEVERE ] removing player 1 token from slot 3
[09:49:03.734] [SEVERE ] key 81 was pressed by player 1
[09:49:03.734] [SEVERE ] player 1 placing token on slot 0
[09:49:04.208] [SEVERE ] key 81 was pressed by player 1
[09:49:04.208] [SEVERE ] removing player 1 token from slot 0
[09:49:05.149] [SEVERE ] key 69 was pressed by player 1
[09:49:05.149] [SEVERE ] player 1 placing token on slot 2
[09:49:07.604] [SEVERE ] key 81 was pressed by player 1
[09:49:07.604] [SEVERE ] player 1 placing token on slot 0
[09:49:07.604] [SEVERE ] setting player 1 freeze to 3000
[09:49:08.120] [SEVERE ] key 81 was pressed by player 1
[09:49:08.605] [SEVERE ] setting player 1 freeze to 2000
[09:49:09.612] [SEVERE ] setting player 1 freeze to 1000
[09:49:10.475] [SEVERE ] key 81 was pressed by player 1
[09:49:10.625] [SEVERE ] setting player 1 freeze to 0
[09:49:11.160] [SEVERE ] key 81 was pressed by player 1
[09:49:11.160] [SEVERE ] removing player 1 token from slot 0
[09:49:11.552] [SEVERE ] key 87 was pressed by player 1
[09:49:11.552] [SEVERE ] removing player 1 token from slot 1
[09:49:11.925] [SEVERE ] key 69 was pressed by player 1
[09:49:11.925] [SEVERE ] removing player 1 token from slot 2
[09:49:12.683] [SEVERE ] key 87 was pressed by player 1
[09:49:12.684] [SEVERE ] player 1 placing token on slot 1
[09:49:13.504] [SEVERE ] key 82 was pressed by player 1
[09:49:13.505] [SEVERE ] player 1 placing token on slot 3
[09:49:14.496] [SEVERE ] key 67 was pressed by player 1
[09:49:14.497] [SEVERE ] player 1 placing token on slot 10
[09:49:14.497] [SEVERE ] setting player 1 freeze to 1000
[09:49:15.511] [SEVERE ] setting player 1 freeze to 0
[09:49:15.511] [SEVERE ] setting player 1 score to 2
[09:49:18.054] [SEVERE ] exit button pressed
[09:49:18.055] [SEVERE ] thanks for playing... it was fun!
[09:49:18.055] [INFO   ] thread main terminated.
