[12:36:41.704] [INFO   ] thread main starting.
[12:36:41.710] [SEVERE ] cannot read configuration file config.properties trying from resources.
[12:36:41.712] [SEVERE ] configuration file was loaded from resources directory.
[12:36:42.134] [INFO   ] thread dealer starting.
[12:36:42.135] [INFO   ] Thread dealer starting.
[12:36:42.135] [INFO   ] Thread Thread-0 starting.
[12:36:42.135] [INFO   ] Thread Thread-1 starting.
[12:36:42.248] [SEVERE ] placing card 78 in slot 0
[12:36:42.361] [SEVERE ] placing card 46 in slot 1
[12:36:42.470] [SEVERE ] placing card 41 in slot 2
[12:36:42.578] [SEVERE ] placing card 73 in slot 3
[12:36:42.689] [SEVERE ] placing card 48 in slot 4
[12:36:42.800] [SEVERE ] placing card 47 in slot 5
[12:36:42.909] [SEVERE ] placing card 33 in slot 6
[12:36:43.019] [SEVERE ] placing card 10 in slot 7
[12:36:43.131] [SEVERE ] placing card 6 in slot 8
[12:36:43.240] [SEVERE ] placing card 13 in slot 9
[12:36:43.349] [SEVERE ] placing card 30 in slot 10
[12:36:43.460] [SEVERE ] placing card 56 in slot 11
[12:37:16.731] [SEVERE ] exit button pressed
[12:37:16.731] [SEVERE ] thanks for playing... it was fun!
[12:37:16.731] [INFO   ] thread main terminated.
