[13:34:36.955] [INFO   ] thread main starting.
[13:34:36.973] [SEVERE ] cannot read configuration file config.properties trying from resources.
[13:34:36.985] [SEVERE ] configuration file was loaded from resources directory.
[13:34:37.851] [INFO   ] thread dealer starting.
[13:34:37.862] [INFO   ] Thread dealer starting.
[13:34:37.988] [SEVERE ] placing card 26 in slot 0
[13:34:38.098] [SEVERE ] placing card 30 in slot 1
[13:34:38.210] [SEVERE ] placing card 14 in slot 2
[13:34:38.321] [SEVERE ] placing card 0 in slot 3
[13:34:38.433] [SEVERE ] placing card 5 in slot 4
[13:34:38.542] [SEVERE ] placing card 24 in slot 5
[13:34:38.653] [SEVERE ] placing card 29 in slot 6
[13:34:38.764] [SEVERE ] placing card 65 in slot 7
[13:34:38.875] [SEVERE ] placing card 23 in slot 8
[13:34:38.983] [SEVERE ] placing card 15 in slot 9
[13:34:39.091] [SEVERE ] placing card 72 in slot 10
[13:34:39.201] [SEVERE ] placing card 4 in slot 11
[13:34:39.914] [SEVERE ] exit button pressed
[13:34:39.915] [SEVERE ] thanks for playing... it was fun!
[13:34:39.915] [INFO   ] thread main terminated.
