[20:37:35.286] [INFO   ] thread main starting.
[20:37:35.293] [SEVERE ] cannot read configuration file config.properties trying from resources.
[20:37:35.296] [SEVERE ] configuration file was loaded from resources directory.
[20:37:35.890] [INFO   ] thread dealer starting.
[20:37:35.891] [INFO   ] Thread dealer starting.
[20:37:36.004] [SEVERE ] placing card 58 in slot 0
[20:37:36.114] [SEVERE ] placing card 80 in slot 1
[20:37:36.223] [SEVERE ] placing card 37 in slot 2
[20:37:36.334] [SEVERE ] placing card 7 in slot 3
[20:37:36.443] [SEVERE ] placing card 5 in slot 4
[20:37:36.551] [SEVERE ] placing card 34 in slot 5
[20:37:36.661] [SEVERE ] placing card 31 in slot 6
[20:37:36.770] [SEVERE ] placing card 74 in slot 7
[20:37:36.879] [SEVERE ] placing card 16 in slot 8
[20:37:36.987] [SEVERE ] placing card 29 in slot 9
[20:37:37.096] [SEVERE ] placing card 76 in slot 10
[20:37:37.204] [SEVERE ] placing card 67 in slot 11
[20:37:37.204] [INFO   ] Thread dealer starting.
[20:37:37.378] [SEVERE ] key 87 was pressed by player 1
[20:37:37.378] [SEVERE ] player 1 placing token on slot 1
