[12:35:09.914] [INFO   ] thread main starting.
[12:35:09.920] [SEVERE ] cannot read configuration file config.properties trying from resources.
[12:35:09.922] [SEVERE ] configuration file was loaded from resources directory.
[12:35:10.400] [INFO   ] thread dealer starting.
[12:35:10.400] [INFO   ] Thread dealer starting.
[12:35:10.400] [INFO   ] Thread Thread-0 starting.
[12:35:10.400] [INFO   ] Thread Thread-1 starting.
[12:35:10.520] [SEVERE ] placing card 50 in slot 0
[12:35:10.630] [SEVERE ] placing card 34 in slot 1
[12:35:10.738] [SEVERE ] placing card 6 in slot 2
[12:35:10.851] [SEVERE ] placing card 64 in slot 3
[12:35:10.961] [SEVERE ] placing card 16 in slot 4
[12:35:11.072] [SEVERE ] placing card 67 in slot 5
[12:35:11.183] [SEVERE ] placing card 59 in slot 6
[12:35:11.295] [SEVERE ] placing card 48 in slot 7
[12:35:11.404] [SEVERE ] placing card 79 in slot 8
[12:35:11.514] [SEVERE ] placing card 74 in slot 9
[12:35:11.624] [SEVERE ] placing card 40 in slot 10
[12:35:11.736] [SEVERE ] placing card 32 in slot 11
[12:35:28.721] [SEVERE ] key 67 was pressed by player 1
[12:35:28.721] [SEVERE ] player 1 placing token on slot 10
[12:35:28.822] [SEVERE ] key 86 was pressed by player 1
[12:35:28.822] [SEVERE ] player 1 placing token on slot 11
[12:35:29.539] [SEVERE ] key 70 was pressed by player 1
[12:35:29.539] [SEVERE ] player 1 placing token on slot 7
[12:35:29.540] [SEVERE ] setting player 1 freeze to 1000
[12:35:29.646] [SEVERE ] removing card from slot 7
[12:35:29.646] [SEVERE ] removing player 1 token from slot 7
[12:35:29.758] [INFO   ] thread dealer terminated.
[12:35:30.547] [SEVERE ] setting player 1 freeze to 0
[12:35:30.547] [SEVERE ] setting player 1 score to 1
[12:35:32.536] [SEVERE ] exit button pressed
[12:35:32.537] [SEVERE ] thanks for playing... it was fun!
[12:35:32.537] [INFO   ] thread main terminated.
