[12:33:06.199] [INFO   ] thread main starting.
[12:33:06.208] [SEVERE ] cannot read configuration file config.properties trying from resources.
[12:33:06.210] [SEVERE ] configuration file was loaded from resources directory.
[12:33:06.662] [INFO   ] thread dealer starting.
[12:33:06.663] [INFO   ] Thread dealer starting.
[12:33:06.663] [INFO   ] Thread Thread-0 starting.
[12:33:06.663] [INFO   ] Thread Thread-1 starting.
[12:33:06.769] [SEVERE ] placing card 77 in slot 0
[12:33:06.878] [SEVERE ] placing card 59 in slot 1
[12:33:06.988] [SEVERE ] placing card 36 in slot 2
[12:33:07.099] [SEVERE ] placing card 31 in slot 3
[12:33:07.209] [SEVERE ] placing card 25 in slot 4
[12:33:07.320] [SEVERE ] placing card 71 in slot 5
[12:33:07.431] [SEVERE ] placing card 74 in slot 6
[12:33:07.542] [SEVERE ] placing card 58 in slot 7
[12:33:07.654] [SEVERE ] placing card 80 in slot 8
[12:33:07.765] [SEVERE ] placing card 79 in slot 9
[12:33:07.877] [SEVERE ] placing card 38 in slot 10
[12:33:07.988] [SEVERE ] placing card 46 in slot 11
[12:33:21.057] [SEVERE ] exit button pressed
[12:33:21.057] [SEVERE ] thanks for playing... it was fun!
[12:33:21.057] [INFO   ] thread main terminated.
