[12:33:23.387] [INFO   ] thread main starting.
[12:33:23.392] [SEVERE ] cannot read configuration file config.properties trying from resources.
[12:33:23.394] [SEVERE ] configuration file was loaded from resources directory.
[12:33:23.835] [INFO   ] thread dealer starting.
[12:33:23.835] [INFO   ] Thread dealer starting.
[12:33:23.836] [INFO   ] Thread Thread-0 starting.
[12:33:23.836] [INFO   ] Thread Thread-1 starting.
[12:33:23.951] [SEVERE ] placing card 74 in slot 0
[12:33:24.062] [SEVERE ] placing card 26 in slot 1
[12:33:24.173] [SEVERE ] placing card 53 in slot 2
[12:33:24.282] [SEVERE ] placing card 69 in slot 3
[12:33:24.394] [SEVERE ] placing card 56 in slot 4
[12:33:24.503] [SEVERE ] placing card 1 in slot 5
[12:33:24.613] [SEVERE ] placing card 24 in slot 6
[12:33:24.724] [SEVERE ] placing card 52 in slot 7
[12:33:24.835] [SEVERE ] placing card 17 in slot 8
[12:33:24.944] [SEVERE ] placing card 32 in slot 9
[12:33:25.056] [SEVERE ] placing card 7 in slot 10
[12:33:25.167] [SEVERE ] placing card 65 in slot 11
[12:33:30.212] [SEVERE ] key 86 was pressed by player 1
[12:33:30.213] [SEVERE ] player 1 placing token on slot 11
[12:33:30.768] [SEVERE ] key 65 was pressed by player 1
[12:33:30.768] [SEVERE ] player 1 placing token on slot 4
[12:33:31.025] [SEVERE ] key 81 was pressed by player 1
[12:33:31.026] [SEVERE ] player 1 placing token on slot 0
[12:33:31.026] [SEVERE ] setting player 1 freeze to 1000
[12:33:31.129] [SEVERE ] removing card from slot 0
[12:33:31.129] [SEVERE ] removing player 1 token from slot 0
[12:33:31.238] [INFO   ] thread dealer terminated.
[12:33:32.028] [SEVERE ] setting player 1 freeze to 0
[12:33:32.028] [SEVERE ] setting player 1 score to 1
[12:33:33.984] [SEVERE ] exit button pressed
[12:33:33.985] [SEVERE ] thanks for playing... it was fun!
[12:33:33.985] [INFO   ] thread main terminated.
