[12:29:10.110] [INFO   ] thread main starting.
[12:29:10.117] [SEVERE ] cannot read configuration file config.properties trying from resources.
[12:29:10.119] [SEVERE ] configuration file was loaded from resources directory.
[12:29:10.539] [INFO   ] thread dealer starting.
[12:29:10.539] [INFO   ] Thread dealer starting.
[12:29:10.540] [INFO   ] Thread Thread-0 starting.
[12:29:10.540] [INFO   ] Thread Thread-1 starting.
[12:29:10.657] [SEVERE ] placing card 54 in slot 0
[12:29:10.769] [SEVERE ] placing card 2 in slot 1
[12:29:10.878] [SEVERE ] placing card 33 in slot 2
[12:29:10.989] [SEVERE ] placing card 61 in slot 3
[12:29:11.098] [SEVERE ] placing card 43 in slot 4
[12:29:11.208] [SEVERE ] placing card 36 in slot 5
[12:29:11.319] [SEVERE ] placing card 58 in slot 6
[12:29:11.430] [SEVERE ] placing card 23 in slot 7
[12:29:11.541] [SEVERE ] placing card 51 in slot 8
[12:29:11.652] [SEVERE ] placing card 64 in slot 9
[12:29:11.764] [SEVERE ] placing card 69 in slot 10
[12:29:11.875] [SEVERE ] placing card 42 in slot 11
[12:29:32.015] [SEVERE ] key 86 was pressed by player 1
[12:29:32.015] [SEVERE ] player 1 placing token on slot 11
[12:29:33.146] [SEVERE ] key 82 was pressed by player 1
[12:29:33.146] [SEVERE ] player 1 placing token on slot 3
[12:29:33.689] [SEVERE ] key 82 was pressed by player 1
[12:29:33.690] [SEVERE ] removing player 1 token from slot 3
[12:29:34.445] [SEVERE ] key 69 was pressed by player 1
[12:29:34.446] [SEVERE ] player 1 placing token on slot 2
[12:29:35.327] [SEVERE ] key 90 was pressed by player 1
[12:29:35.327] [SEVERE ] player 1 placing token on slot 8
[12:29:35.328] [SEVERE ] setting player 1 freeze to 1000
[12:29:35.430] [SEVERE ] removing player 1 token from slot 2
[12:29:35.539] [INFO   ] thread dealer terminated.
[12:29:36.331] [SEVERE ] setting player 1 freeze to 0
[12:29:36.331] [SEVERE ] setting player 1 score to 1
[12:29:39.231] [SEVERE ] key 90 was pressed by player 1
[12:29:39.231] [SEVERE ] removing player 1 token from slot 8
[12:29:40.552] [SEVERE ] disposing of user interface elements
[12:29:40.562] [SEVERE ] thanks for playing... it was fun!
[12:29:40.562] [INFO   ] thread main terminated.
